Dr. Memory version 2.3.0 build 1 built on Feb  6 2020 06:07:09
start time: 3697652:03:47.700 == 20:03:47.700 10/29/2022
Recorded 118 suppression(s) from default C:\Users\pinkp\Documents\GitHub\COMP2012H\DrMemory-Windows-2.3.0-1\bin64\suppress-default.txt
Using system call file C:\Users\pinkp\Documents\GitHub\COMP2012H\DrMemory-Windows-2.3.0-1\drmemory\logs\symcache\syscalls_x64.txt
Syscall mismatch detected.  Running on unknown kernel version!
new thread #0 id=76956
WARNING: symbol cache file has wrong version

module load event: "libgcc_s_seh-1.dll" 0x0000000061440000-0x000000006145c000 modid: 1 C:\ProgramData\Anaconda3\Library\mingw-w64\bin\libgcc_s_seh-1.dll
WARNING: symbol cache file has wrong version

module load event: "libwinpthread-1.dll" 0x0000000064940000-0x0000000064955000 modid: 2 C:\ProgramData\Anaconda3\Library\mingw-w64\bin\libwinpthread-1.dll
WARNING: symbol cache file has wrong version

module load event: "libstdc++-6.dll" 0x000000006fc40000-0x000000006fda2000 modid: 3 C:\ProgramData\Anaconda3\Library\mingw-w64\bin\libstdc++-6.dll
WARNING: symbol cache file has wrong version

module load event: "dynamorio.dll" 0x0000000071000000-0x00000000711b1000 modid: 4 C:\Users\pinkp\Documents\GitHub\COMP2012H\DrMemory-Windows-2.3.0-1\dynamorio\lib64\release\dynamorio.dll
WARNING: symbol cache file has wrong version

module load event: "drmemorylib.dll" 0x00007ff740a30000-0x00007ff740ccc000 modid: 5 C:\Users\pinkp\Documents\GitHub\COMP2012H\DrMemory-Windows-2.3.0-1\bin64\release\drmemorylib.dll
WARNING: symbol cache file has wrong version

module load event: "main.exe" 0x00007ff7b09f0000-0x00007ff7b0a1a000 modid: 6 C:\Users\pinkp\Documents\GitHub\COMP2012H\HW9\main.exe
WARNING: assuming operator new is non-placement in main.exe @0x00007ff7b09f3d18
WARNING: assuming operator new[] is non-placement in main.exe @0x00007ff7b09f3d20
WARNING: assuming operator delete is non-placement in main.exe @0x00007ff7b09f3d28
WARNING: symbol cache file has wrong version

module load event: "AcLayers.dll" 0x00007ffe71e00000-0x00007ffe7229c000 modid: 7 C:\WINDOWS\SYSTEM32\AcLayers.DLL
WARNING: unable to load symbols for C:\WINDOWS\SYSTEM32\AcLayers.DLL
WARNING: symbol cache file has wrong version

module load event: "apphelp.dll" 0x00007fff33060000-0x00007fff330f2000 modid: 8 C:\WINDOWS\SYSTEM32\apphelp.dll
WARNING: unable to load symbols for C:\WINDOWS\SYSTEM32\apphelp.dll
WARNING: symbol cache file has wrong version

module load event: "gdi32full.dll" 0x00007fff36b10000-0x00007fff36c28000 modid: 9 C:\WINDOWS\System32\gdi32full.dll
WARNING: unable to load symbols for C:\WINDOWS\System32\gdi32full.dll
WARNING: symbol cache file has wrong version

module load event: "KERNELBASE.dll" 0x00007fff36ca0000-0x00007fff3701b000 modid: 10 C:\WINDOWS\System32\KERNELBASE.dll
WARNING: unable to load symbols for C:\WINDOWS\System32\KERNELBASE.dll
WARNING: symbol cache file has wrong version

module load event: "msvcp_win.dll" 0x00007fff37020000-0x00007fff370bd000 modid: 11 C:\WINDOWS\System32\msvcp_win.dll
WARNING: symbol cache file has wrong version

module load event: "win32u.dll" 0x00007fff370c0000-0x00007fff370e6000 modid: 12 C:\WINDOWS\System32\win32u.dll
WARNING: symbol cache file has wrong version

module load event: "ucrtbase.dll" 0x00007fff370f0000-0x00007fff37201000 modid: 13 C:\WINDOWS\System32\ucrtbase.dll
WARNING: unable to load symbols for C:\WINDOWS\System32\ucrtbase.dll
WARNING: symbol cache file has wrong version

module load event: "IMM32.dll" 0x00007fff37540000-0x00007fff37571000 modid: 14 C:\WINDOWS\System32\IMM32.DLL
WARNING: symbol cache file has wrong version

module load event: "KERNEL32.dll" 0x00007fff38c30000-0x00007fff38ced000 modid: 15 C:\WINDOWS\System32\KERNEL32.DLL
WARNING: symbol cache file has wrong version

module load event: "msvcrt.dll" 0x00007fff38e80000-0x00007fff38f23000 modid: 16 C:\WINDOWS\System32\msvcrt.dll
WARNING: new/delete has no local wrapper => disabling mismatch detection for msvcrt.dll
WARNING: new/delete has no local wrapper => disabling mismatch detection for msvcrt.dll
WARNING: new/delete has no local wrapper => disabling mismatch detection for msvcrt.dll
WARNING: new == new[] => disabling mismatch detection for msvcrt.dll
WARNING: new/delete has no local wrapper => disabling mismatch detection for msvcrt.dll
WARNING: new/delete has no local wrapper => disabling mismatch detection for msvcrt.dll
WARNING: symbol cache file has wrong version

module load event: "SHLWAPI.dll" 0x00007fff38f30000-0x00007fff38f8d000 modid: 17 C:\WINDOWS\System32\SHLWAPI.dll
WARNING: unable to load symbols for C:\WINDOWS\System32\SHLWAPI.dll
WARNING: symbol cache file has wrong version

module load event: "USER32.dll" 0x00007fff39070000-0x00007fff3921d000 modid: 18 C:\WINDOWS\System32\USER32.dll
WARNING: error finding UserConnectToServer syscall #WARNING: symbol cache file has wrong version

module load event: "GDI32.dll" 0x00007fff39240000-0x00007fff39269000 modid: 19 C:\WINDOWS\System32\GDI32.dll

module load event: "ntdll.dll" 0x00007fff39640000-0x00007fff39849000 modid: 20 C:\WINDOWS\SYSTEM32\ntdll.dll
WARNING: fail to find call to RtlFreeStringRoutine
WARNING: fail to find call to RtlFreeStringRoutine
WARNING: fail to find call to RtlFreeStringRoutine

NEW THREAD: main thread 76956


Error #1: UNADDRESSABLE ACCESS beyond top of stack: reading 0x000000a203dff290-0x000000a203dff298 8 byte(s)
# 0 ___chkstk_ms (0x00007ff7b09f4ebb <main.exe+0x4ebb>) modid:6
# 1 _pei386_runtime_relocator (0x00007ff7b09f4306 <main.exe+0x4306>) modid:6
# 2 __tmainCRTStartup (0x00007ff7b09f1251 <main.exe+0x1251>) modid:6
# 3 .l_start (0x00007ff7b09f14e6 <main.exe+0x14e6>) modid:6
# 4 ntdll.dll!RtlUserThreadStart (0x00007fff3964485b <ntdll.dll+0x485b>) modid:20
Note: @0:00:01.329 in thread 76956
Note: 0x000000a203dff290 refers to 776 byte(s) beyond the top of the stack 0x000000a203dff598
Note: instruction: or     $0x0000000000000000 (%rcx) -> (%rcx)
	error end
WARNING: unhandled system calls found
WARNING: unable to load symbols for C:\ProgramData\Anaconda3\Library\mingw-w64\bin\libstdc++-6.dll

Error #2: UNADDRESSABLE ACCESS beyond top of stack: reading 0x000000a203dff0a0-0x000000a203dff0a8 8 byte(s)
# 0 libstdc++-6.dll!?               (0x000000006fc4e98b <libstdc++-6.dll+0xe98b>) modid:3
# 1 libstdc++-6.dll!?               (0x000000006fc970dc <libstdc++-6.dll+0x570dc>) modid:3
# 2 libstdc++-6.dll!?               (0x000000006fc9870d <libstdc++-6.dll+0x5870d>) modid:3
# 3 libstdc++-6.dll!?               (0x000000006fcaf3a4 <libstdc++-6.dll+0x6f3a4>) modid:3
# 4 Skiplist<>::print_full (0x00007ff7b09f6707 <main.exe+0x6707>) modid:6
# 5 main     (0x00007ff7b09f1c9c <main.exe+0x1c9c>) modid:6
Note: @0:00:04.120 in thread 76956
Note: 0x000000a203dff0a0 refers to 8 byte(s) beyond the top of the stack 0x000000a203dff0a8
Note: instruction: or     $0x0000000000000000 (%rcx) -> (%rcx)
	error end

Error #3: POSSIBLE LEAK 72 direct bytes 0x000001acd52c01c0-0x000001acd52c0208 + 0 indirect bytes
# 0 replace_malloc  [d:\drmemory_package\common\alloc_replace.c:2577] (0x00007ff740a689e0 <drmemorylib.dll+0x389e0>) modid:5
# 1 msvcrt.dll!malloc_crt (0x00007fff38e9c93b <msvcrt.dll+0x1c93b>) modid:16
# 2 msvcrt.dll!_setargv   (0x00007fff38ebe6ed <msvcrt.dll+0x3e6ed>) modid:16
# 3 msvcrt.dll!_getmainargs (0x00007fff38e87ca1 <msvcrt.dll+0x7ca1>) modid:16
# 4 pre_cpp_init (0x00007ff7b09f1173 <main.exe+0x1173>) modid:6
# 5 msvcrt.dll!initterm   (0x00007fff38ebd54d <msvcrt.dll+0x3d54d>) modid:16
# 6 __tmainCRTStartup (0x00007ff7b09f1437 <main.exe+0x1437>) modid:6
# 7 .l_start (0x00007ff7b09f14e6 <main.exe+0x14e6>) modid:6
# 8 ntdll.dll!RtlUserThreadStart (0x00007fff3964485b <ntdll.dll+0x485b>) modid:20
	error end

Error #4: LEAK 24 direct bytes 0x000001acd52c0960-0x000001acd52c0978 + 24 indirect bytes
# 0 replace_operator_new [d:\drmemory_package\common\alloc_replace.c:2900] (0x00007ff740a69500 <drmemorylib.dll+0x39500>) modid:5
# 1 Skiplist<>::update (0x00007ff7b09f5646 <main.exe+0x5646>) modid:6
# 2 main     (0x00007ff7b09f1c48 <main.exe+0x1c48>) modid:6
	error end
WARNING: unable to load symbols for C:\ProgramData\Anaconda3\Library\mingw-w64\bin\libwinpthread-1.dll

Potential Error #1: HANDLE LEAK: KERNEL handle 0x00000000000001a4 and 0 similar handle(s) were opened but not closed:
# 0 system call NtDuplicateObject
# 1 KERNELBASE.dll!DuplicateHandle (0x00007fff36d1fa4c <KERNELBASE.dll+0x7fa4c>) modid:10
# 2 libwinpthread-1.dll!?                   (0x000000006494460b <libwinpthread-1.dll+0x460b>) modid:2
# 3 libwinpthread-1.dll!?                   (0x0000000064944d96 <libwinpthread-1.dll+0x4d96>) modid:2
# 4 libstdc++-6.dll!?               (0x000000006fcdd0d8 <libstdc++-6.dll+0x9d0d8>) modid:3
# 5 libstdc++-6.dll!?               (0x000000006fce0ff6 <libstdc++-6.dll+0xa0ff6>) modid:3
# 6 libstdc++-6.dll!?               (0x000000006fcf636b <libstdc++-6.dll+0xb636b>) modid:3
# 7 __static_initialization_and_destruction_0 (0x00007ff7b09f3b79 <main.exe+0x3b79>) modid:6
# 8 _GLOBAL__sub_I__ZN6objectD2Ev (0x00007ff7b09f3cdb <main.exe+0x3cdb>) modid:6
# 9 __do_global_ctors (0x00007ff7b09f3e82 <main.exe+0x3e82>) modid:6
#10 __tmainCRTStartup (0x00007ff7b09f138b <main.exe+0x138b>) modid:6
#11 .l_start (0x00007ff7b09f14e6 <main.exe+0x14e6>) modid:6
#12 ntdll.dll!RtlUserThreadStart (0x00007fff3964485b <ntdll.dll+0x485b>) modid:20
Note: @0:00:05.213 in thread 76956
	error end

Potential Error #2: HANDLE LEAK: KERNEL handle 0x00000000000001a8 and 0 similar handle(s) were opened but not closed:
# 0 system call NtCreateEvent
# 1 KERNELBASE.dll!CreateEventA   (0x00007fff36d23a83 <KERNELBASE.dll+0x83a83>) modid:10
# 2 libwinpthread-1.dll!?                   (0x00000000649445a2 <libwinpthread-1.dll+0x45a2>) modid:2
# 3 libwinpthread-1.dll!?                   (0x0000000064944d96 <libwinpthread-1.dll+0x4d96>) modid:2
# 4 libstdc++-6.dll!?               (0x000000006fcdd0d8 <libstdc++-6.dll+0x9d0d8>) modid:3
# 5 libstdc++-6.dll!?               (0x000000006fce0ff6 <libstdc++-6.dll+0xa0ff6>) modid:3
# 6 libstdc++-6.dll!?               (0x000000006fcf636b <libstdc++-6.dll+0xb636b>) modid:3
# 7 __static_initialization_and_destruction_0 (0x00007ff7b09f3b79 <main.exe+0x3b79>) modid:6
# 8 _GLOBAL__sub_I__ZN6objectD2Ev (0x00007ff7b09f3cdb <main.exe+0x3cdb>) modid:6
# 9 __do_global_ctors (0x00007ff7b09f3e82 <main.exe+0x3e82>) modid:6
#10 __tmainCRTStartup (0x00007ff7b09f138b <main.exe+0x138b>) modid:6
#11 .l_start (0x00007ff7b09f14e6 <main.exe+0x14e6>) modid:6
#12 ntdll.dll!RtlUserThreadStart (0x00007fff3964485b <ntdll.dll+0x485b>) modid:20
Note: @0:00:05.213 in thread 76956
	error end

DUPLICATE ERROR COUNTS:
	Error #   1:      2
	Error #   2:     20

SUPPRESSIONS USED:

ERRORS FOUND:
      2 unique,    22 total unaddressable access(es)
      0 unique,     0 total uninitialized access(es)
      0 unique,     0 total invalid heap argument(s)
      0 unique,     0 total GDI usage error(s)
      0 unique,     0 total handle leak(s)
      0 unique,     0 total warning(s)
      1 unique,     1 total,     48 byte(s) of leak(s)
      1 unique,     1 total,     72 byte(s) of possible leak(s)
ERRORS IGNORED:
      2 potential error(s) (suspected false positives)
         (details: C:\Users\pinkp\Documents\GitHub\COMP2012H\DrMemory-Windows-2.3.0-1\drmemory\logs\DrMemory-main.exe.87448.000\potential_errors.txt)
    404 ignored assumed-innocuous system leak(s)
      6 unique,     6 total,    847 byte(s) of still-reachable allocation(s)
         (re-run with "-show_reachable" for details)
Details: C:\Users\pinkp\Documents\GitHub\COMP2012H\DrMemory-Windows-2.3.0-1\drmemory\logs\DrMemory-main.exe.87448.000\results.txt

DUPLICATE POTENTIAL ERROR COUNTS:

POTENTIAL ERRORS FOUND:
      0 unique,     0 total potential unaddressable access(es)
      0 unique,     0 total potential uninitialized access(es)
      0 unique,     0 total potential invalid heap argument(s)
      0 unique,     0 total potential GDI usage error(s)
      2 unique,     2 total potential handle leak(s)
      0 unique,     0 total potential warning(s)
      0 unique,     0 total,      0 byte(s) of potential leak(s)
      0 unique,     0 total,      0 byte(s) of potential possible leak(s)
Details: C:\Users\pinkp\Documents\GitHub\COMP2012H\DrMemory-Windows-2.3.0-1\drmemory\logs\DrMemory-main.exe.87448.000\potential_errors.txt
Exiting @0:00:05.292 in thread 76956
LOG END
