Dr. Memory version 2.3.0 build 1 built on Feb  6 2020 06:07:09
start time: 3697652:06:31.133 == 20:06:31.133 10/29/2022
Recorded 118 suppression(s) from default C:\Users\pinkp\Documents\GitHub\COMP2012H\DrMemory-Windows-2.3.0-1\bin64\suppress-default.txt
Using system call file C:\Users\pinkp\Documents\GitHub\COMP2012H\DrMemory-Windows-2.3.0-1\drmemory\logs\symcache\syscalls_x64.txt
Syscall mismatch detected.  Running on unknown kernel version!
new thread #0 id=86772
WARNING: symbol cache file has wrong version

module load event: "libgcc_s_seh-1.dll" 0x0000000061440000-0x000000006145c000 modid: 1 C:\ProgramData\Anaconda3\Library\mingw-w64\bin\libgcc_s_seh-1.dll
WARNING: symbol cache file has wrong version

module load event: "libwinpthread-1.dll" 0x0000000064940000-0x0000000064955000 modid: 2 C:\ProgramData\Anaconda3\Library\mingw-w64\bin\libwinpthread-1.dll
WARNING: symbol cache file has wrong version

module load event: "libstdc++-6.dll" 0x000000006fc40000-0x000000006fda2000 modid: 3 C:\ProgramData\Anaconda3\Library\mingw-w64\bin\libstdc++-6.dll
WARNING: symbol cache file has wrong version

module load event: "dynamorio.dll" 0x0000000071000000-0x00000000711b1000 modid: 4 C:\Users\pinkp\Documents\GitHub\COMP2012H\DrMemory-Windows-2.3.0-1\dynamorio\lib64\release\dynamorio.dll
WARNING: symbol cache file has wrong version

module load event: "drmemorylib.dll" 0x00007ff740a30000-0x00007ff740ccc000 modid: 5 C:\Users\pinkp\Documents\GitHub\COMP2012H\DrMemory-Windows-2.3.0-1\bin64\release\drmemorylib.dll
WARNING: symbol cache file has wrong version

module load event: "main.exe" 0x00007ff7b09f0000-0x00007ff7b0a1a000 modid: 6 C:\Users\pinkp\Documents\GitHub\COMP2012H\HW9\main.exe
WARNING: assuming operator new is non-placement in main.exe @0x00007ff7b09f3d18
WARNING: assuming operator new[] is non-placement in main.exe @0x00007ff7b09f3d20
WARNING: assuming operator delete is non-placement in main.exe @0x00007ff7b09f3d28
WARNING: symbol cache file has wrong version

module load event: "AcLayers.dll" 0x00007ffe71e00000-0x00007ffe7229c000 modid: 7 C:\WINDOWS\SYSTEM32\AcLayers.DLL
WARNING: unable to load symbols for C:\WINDOWS\SYSTEM32\AcLayers.DLL
WARNING: symbol cache file has wrong version

module load event: "apphelp.dll" 0x00007fff33060000-0x00007fff330f2000 modid: 8 C:\WINDOWS\SYSTEM32\apphelp.dll
WARNING: unable to load symbols for C:\WINDOWS\SYSTEM32\apphelp.dll
WARNING: symbol cache file has wrong version

module load event: "gdi32full.dll" 0x00007fff36b10000-0x00007fff36c28000 modid: 9 C:\WINDOWS\System32\gdi32full.dll
WARNING: unable to load symbols for C:\WINDOWS\System32\gdi32full.dll
WARNING: symbol cache file has wrong version

module load event: "KERNELBASE.dll" 0x00007fff36ca0000-0x00007fff3701b000 modid: 10 C:\WINDOWS\System32\KERNELBASE.dll
WARNING: unable to load symbols for C:\WINDOWS\System32\KERNELBASE.dll
WARNING: symbol cache file has wrong version

module load event: "msvcp_win.dll" 0x00007fff37020000-0x00007fff370bd000 modid: 11 C:\WINDOWS\System32\msvcp_win.dll
WARNING: symbol cache file has wrong version

module load event: "win32u.dll" 0x00007fff370c0000-0x00007fff370e6000 modid: 12 C:\WINDOWS\System32\win32u.dll
WARNING: symbol cache file has wrong version

module load event: "ucrtbase.dll" 0x00007fff370f0000-0x00007fff37201000 modid: 13 C:\WINDOWS\System32\ucrtbase.dll
WARNING: unable to load symbols for C:\WINDOWS\System32\ucrtbase.dll
WARNING: symbol cache file has wrong version

module load event: "IMM32.dll" 0x00007fff37540000-0x00007fff37571000 modid: 14 C:\WINDOWS\System32\IMM32.DLL
WARNING: symbol cache file has wrong version

module load event: "KERNEL32.dll" 0x00007fff38c30000-0x00007fff38ced000 modid: 15 C:\WINDOWS\System32\KERNEL32.DLL
WARNING: symbol cache file has wrong version

module load event: "msvcrt.dll" 0x00007fff38e80000-0x00007fff38f23000 modid: 16 C:\WINDOWS\System32\msvcrt.dll
WARNING: new/delete has no local wrapper => disabling mismatch detection for msvcrt.dll
WARNING: new/delete has no local wrapper => disabling mismatch detection for msvcrt.dll
WARNING: new/delete has no local wrapper => disabling mismatch detection for msvcrt.dll
WARNING: new == new[] => disabling mismatch detection for msvcrt.dll
WARNING: new/delete has no local wrapper => disabling mismatch detection for msvcrt.dll
WARNING: new/delete has no local wrapper => disabling mismatch detection for msvcrt.dll
WARNING: symbol cache file has wrong version

module load event: "SHLWAPI.dll" 0x00007fff38f30000-0x00007fff38f8d000 modid: 17 C:\WINDOWS\System32\SHLWAPI.dll
WARNING: unable to load symbols for C:\WINDOWS\System32\SHLWAPI.dll
WARNING: symbol cache file has wrong version

module load event: "USER32.dll" 0x00007fff39070000-0x00007fff3921d000 modid: 18 C:\WINDOWS\System32\USER32.dll
WARNING: error finding UserConnectToServer syscall #WARNING: symbol cache file has wrong version

module load event: "GDI32.dll" 0x00007fff39240000-0x00007fff39269000 modid: 19 C:\WINDOWS\System32\GDI32.dll

module load event: "ntdll.dll" 0x00007fff39640000-0x00007fff39849000 modid: 20 C:\WINDOWS\SYSTEM32\ntdll.dll
WARNING: fail to find call to RtlFreeStringRoutine
WARNING: fail to find call to RtlFreeStringRoutine
WARNING: fail to find call to RtlFreeStringRoutine

NEW THREAD: main thread 86772


Error #1: UNADDRESSABLE ACCESS beyond top of stack: reading 0x000000e0ec1ff6f0-0x000000e0ec1ff6f8 8 byte(s)
# 0 ___chkstk_ms (0x00007ff7b09f4ebb <main.exe+0x4ebb>) modid:6
# 1 _pei386_runtime_relocator (0x00007ff7b09f4306 <main.exe+0x4306>) modid:6
# 2 __tmainCRTStartup (0x00007ff7b09f1251 <main.exe+0x1251>) modid:6
# 3 .l_start (0x00007ff7b09f14e6 <main.exe+0x14e6>) modid:6
# 4 ntdll.dll!RtlUserThreadStart (0x00007fff3964485b <ntdll.dll+0x485b>) modid:20
Note: @0:00:01.251 in thread 86772
Note: 0x000000e0ec1ff6f0 refers to 776 byte(s) beyond the top of the stack 0x000000e0ec1ff9f8
Note: instruction: or     $0x0000000000000000 (%rcx) -> (%rcx)
	error end
WARNING: unhandled system calls found

Error #2: UNINITIALIZED READ: reading register eax
# 0 main     (0x00007ff7b09f15dc <main.exe+0x15dc>) modid:6
Note: @0:00:02.068 in thread 86772
Note: instruction: cmp    %eax $0x00000001
	error end

Error #3: UNINITIALIZED READ: reading register eax
# 0 main     (0x00007ff7b09f17b9 <main.exe+0x17b9>) modid:6
Note: @0:00:02.074 in thread 86772
Note: instruction: cmp    %eax $0x00000002
	error end

Error #4: UNINITIALIZED READ: reading register eax
# 0 main     (0x00007ff7b09f1a1d <main.exe+0x1a1d>) modid:6
Note: @0:00:02.079 in thread 86772
Note: instruction: cmp    %eax $0x00000003
	error end

Error #5: UNINITIALIZED READ: reading register eax
# 0 main     (0x00007ff7b09f1b31 <main.exe+0x1b31>) modid:6
Note: @0:00:02.083 in thread 86772
Note: instruction: cmp    %eax $0x00000004
	error end

Error #6: UNINITIALIZED READ: reading register eax
# 0 main     (0x00007ff7b09f1cc2 <main.exe+0x1cc2>) modid:6
Note: @0:00:02.085 in thread 86772
Note: instruction: cmp    %eax $0x00000005
	error end

Error #7: UNINITIALIZED READ: reading register eax
# 0 main     (0x00007ff7b09f1ecc <main.exe+0x1ecc>) modid:6
Note: @0:00:02.088 in thread 86772
Note: instruction: cmp    %eax $0x00000006
	error end

Error #8: UNINITIALIZED READ: reading register eax
# 0 main     (0x00007ff7b09f20c4 <main.exe+0x20c4>) modid:6
Note: @0:00:02.091 in thread 86772
Note: instruction: cmp    %eax $0x00000007
	error end

Error #9: UNINITIALIZED READ: reading register eax
# 0 main     (0x00007ff7b09f2243 <main.exe+0x2243>) modid:6
Note: @0:00:02.096 in thread 86772
Note: instruction: cmp    %eax $0x00000008
	error end

Error #10: UNINITIALIZED READ: reading register eax
# 0 main     (0x00007ff7b09f23dd <main.exe+0x23dd>) modid:6
Note: @0:00:02.099 in thread 86772
Note: instruction: cmp    %eax $0x00000009
	error end

Error #11: UNINITIALIZED READ: reading register eax
# 0 main     (0x00007ff7b09f257b <main.exe+0x257b>) modid:6
Note: @0:00:02.103 in thread 86772
Note: instruction: cmp    %eax $0x0000000a
	error end

Error #12: UNINITIALIZED READ: reading register eax
# 0 main     (0x00007ff7b09f2719 <main.exe+0x2719>) modid:6
Note: @0:00:02.106 in thread 86772
Note: instruction: cmp    %eax $0x0000000b
	error end

Error #13: UNINITIALIZED READ: reading register eax
# 0 main     (0x00007ff7b09f2861 <main.exe+0x2861>) modid:6
Note: @0:00:02.111 in thread 86772
Note: instruction: cmp    %eax $0x0000000c
	error end

Error #14: UNINITIALIZED READ: reading register eax
# 0 main     (0x00007ff7b09f2a69 <main.exe+0x2a69>) modid:6
Note: @0:00:02.113 in thread 86772
Note: instruction: cmp    %eax $0x0000000d
	error end

Error #15: UNINITIALIZED READ: reading register eax
# 0 main     (0x00007ff7b09f2ca2 <main.exe+0x2ca2>) modid:6
Note: @0:00:02.115 in thread 86772
Note: instruction: cmp    %eax $0x0000000e
	error end

Error #16: UNINITIALIZED READ: reading register eax
# 0 main     (0x00007ff7b09f2ec1 <main.exe+0x2ec1>) modid:6
Note: @0:00:02.117 in thread 86772
Note: instruction: cmp    %eax $0x0000000f
	error end

Error #17: UNINITIALIZED READ: reading register eax
# 0 main     (0x00007ff7b09f3009 <main.exe+0x3009>) modid:6
Note: @0:00:02.118 in thread 86772
Note: instruction: cmp    %eax $0x00000010
	error end

Error #18: UNINITIALIZED READ: reading register eax
# 0 main     (0x00007ff7b09f316a <main.exe+0x316a>) modid:6
Note: @0:00:02.120 in thread 86772
Note: instruction: cmp    %eax $0x00000011
	error end

Error #19: UNINITIALIZED READ: reading register eax
# 0 main     (0x00007ff7b09f32da <main.exe+0x32da>) modid:6
Note: @0:00:02.122 in thread 86772
Note: instruction: cmp    %eax $0x00000012
	error end

Error #20: UNINITIALIZED READ: reading register eax
# 0 main     (0x00007ff7b09f3446 <main.exe+0x3446>) modid:6
Note: @0:00:02.124 in thread 86772
Note: instruction: cmp    %eax $0x00000013
	error end

Error #21: UNINITIALIZED READ: reading register eax
# 0 main     (0x00007ff7b09f358b <main.exe+0x358b>) modid:6
Note: @0:00:02.127 in thread 86772
Note: instruction: cmp    %eax $0x00000014
	error end
