Dr. Memory version 2.3.0 build 1 built on Feb  6 2020 06:07:09
start time: 3697408:08:28.244 == 16:08:28.244 10/19/2022
Recorded 118 suppression(s) from default C:\Users\pinkp\Documents\GitHub\COMP2012H\DrMemory-Windows-2.3.0-1\bin64\suppress-default.txt
Using system call file C:\Users\pinkp\Documents\GitHub\COMP2012H\DrMemory-Windows-2.3.0-1\drmemory\logs\symcache\syscalls_x64.txt
Syscall mismatch detected.  Running on unknown kernel version!
new thread #0 id=112116
WARNING: symbol cache file has wrong version

module load event: "libgcc_s_seh-1.dll" 0x0000000061440000-0x000000006145c000 modid: 1 C:\ProgramData\Anaconda3\Library\mingw-w64\bin\libgcc_s_seh-1.dll
WARNING: symbol cache file has wrong version

module load event: "libwinpthread-1.dll" 0x0000000064940000-0x0000000064955000 modid: 2 C:\ProgramData\Anaconda3\Library\mingw-w64\bin\libwinpthread-1.dll
WARNING: symbol cache file has wrong version

module load event: "libstdc++-6.dll" 0x000000006fc40000-0x000000006fda2000 modid: 3 C:\ProgramData\Anaconda3\Library\mingw-w64\bin\libstdc++-6.dll
WARNING: symbol cache file has wrong version

module load event: "dynamorio.dll" 0x0000000071000000-0x00000000711b1000 modid: 4 C:\Users\pinkp\Documents\GitHub\COMP2012H\DrMemory-Windows-2.3.0-1\dynamorio\lib64\release\dynamorio.dll
WARNING: symbol cache file has wrong version

module load event: "drmemorylib.dll" 0x00007ff734b70000-0x00007ff734e0c000 modid: 5 C:\Users\pinkp\Documents\GitHub\COMP2012H\DrMemory-Windows-2.3.0-1\bin64\release\drmemorylib.dll
WARNING: symbol cache file has wrong version

module load event: "main.exe" 0x00007ff7a4b10000-0x00007ff7a4b58000 modid: 6 C:\Users\pinkp\Documents\GitHub\COMP2012H\HW6\main.exe
WARNING: assuming operator new is non-placement in main.exe @0x00007ff7a4b16d10
WARNING: assuming operator new[] is non-placement in main.exe @0x00007ff7a4b16d18
WARNING: symbol cache file has wrong version

module load event: "msvcp_win.dll" 0x00007ffe14c90000-0x00007ffe14d2d000 modid: 7 C:\WINDOWS\System32\msvcp_win.dll
WARNING: symbol cache file has wrong version

module load event: "gdi32full.dll" 0x00007ffe14d30000-0x00007ffe14e48000 modid: 8 C:\WINDOWS\System32\gdi32full.dll
WARNING: unable to load symbols for C:\WINDOWS\System32\gdi32full.dll
WARNING: symbol cache file has wrong version

module load event: "win32u.dll" 0x00007ffe14e50000-0x00007ffe14e76000 modid: 9 C:\WINDOWS\System32\win32u.dll
WARNING: symbol cache file has wrong version

module load event: "KERNELBASE.dll" 0x00007ffe14f40000-0x00007ffe152bb000 modid: 10 C:\WINDOWS\System32\KERNELBASE.dll
WARNING: unable to load symbols for C:\WINDOWS\System32\KERNELBASE.dll
WARNING: symbol cache file has wrong version

module load event: "ucrtbase.dll" 0x00007ffe152c0000-0x00007ffe153d1000 modid: 11 C:\WINDOWS\System32\ucrtbase.dll
WARNING: unable to load symbols for C:\WINDOWS\System32\ucrtbase.dll
WARNING: symbol cache file has wrong version

module load event: "GDI32.dll" 0x00007ffe16400000-0x00007ffe16429000 modid: 12 C:\WINDOWS\System32\GDI32.dll

module load event: "KERNEL32.dll" 0x00007ffe16860000-0x00007ffe1691d000 modid: 13 C:\WINDOWS\System32\KERNEL32.DLL
WARNING: symbol cache file has wrong version

module load event: "USER32.dll" 0x00007ffe17440000-0x00007ffe175ed000 modid: 14 C:\WINDOWS\System32\USER32.dll
WARNING: error finding UserConnectToServer syscall #WARNING: symbol cache file has wrong version

module load event: "IMM32.dll" 0x00007ffe17610000-0x00007ffe17641000 modid: 15 C:\WINDOWS\System32\IMM32.DLL
WARNING: symbol cache file has wrong version

module load event: "msvcrt.dll" 0x00007ffe176d0000-0x00007ffe17773000 modid: 16 C:\WINDOWS\System32\msvcrt.dll
WARNING: new/delete has no local wrapper => disabling mismatch detection for msvcrt.dll
WARNING: new/delete has no local wrapper => disabling mismatch detection for msvcrt.dll
WARNING: new/delete has no local wrapper => disabling mismatch detection for msvcrt.dll
WARNING: new == new[] => disabling mismatch detection for msvcrt.dll
WARNING: new/delete has no local wrapper => disabling mismatch detection for msvcrt.dll
WARNING: new/delete has no local wrapper => disabling mismatch detection for msvcrt.dll

module load event: "ntdll.dll" 0x00007ffe177c0000-0x00007ffe179c9000 modid: 17 C:\WINDOWS\SYSTEM32\ntdll.dll
WARNING: fail to find call to RtlFreeStringRoutine
WARNING: fail to find call to RtlFreeStringRoutine
WARNING: fail to find call to RtlFreeStringRoutine

NEW THREAD: main thread 112116


Error #1: UNADDRESSABLE ACCESS beyond top of stack: reading 0x000000ff711ff850-0x000000ff711ff858 8 byte(s)
# 0 .text    (0x00007ff7a4b17eab <main.exe+0x7eab>) modid:6
# 1 _pei386_runtime_relocator (0x00007ff7a4b172f6 <main.exe+0x72f6>) modid:6
# 2 __tmainCRTStartup (0x00007ff7a4b11251 <main.exe+0x1251>) modid:6
# 3 .l_start (0x00007ff7a4b114e6 <main.exe+0x14e6>) modid:6
# 4 ntdll.dll!RtlUserThreadStart (0x00007ffe177c485b <ntdll.dll+0x485b>) modid:17
Note: @0:00:00.495 in thread 112116
Note: 0x000000ff711ff850 refers to 776 byte(s) beyond the top of the stack 0x000000ff711ffb58
Note: instruction: or     $0x0000000000000000 (%rcx) -> (%rcx)
	error end
WARNING: unhandled system calls found

Error #2: UNADDRESSABLE ACCESS: reading 0x0000000000000000-0x0000000000000008 8 byte(s)
# 0 Database::~Database (0x00007ff7a4b13003 <main.exe+0x3003>) modid:6
# 1 main     (0x00007ff7a4b129f9 <main.exe+0x29f9>) modid:6
Note: @0:00:28.595 in thread 112116
Note: instruction: mov    (%rax) -> %rax
	error end

Potential Error #1: UNINITIALIZED READ: reading 0x000000ff711fdb44-0x000000ff711fdb48 4 byte(s) within 0x000000ff711fdb40-0x000000ff711fdb48
# 0 system call NtQueryWnfStateNameInformation parameter value #4
# 1 ntdll.dll!SignalStartWerSvc (0x00007ffe178a901b <ntdll.dll+0xe901b>) modid:17
# 2 ntdll.dll!SendMessageToWERService (0x00007ffe178a8e2c <ntdll.dll+0xe8e2c>) modid:17
# 3 ntdll.dll!ReportExceptionInternal (0x00007ffe178a835b <ntdll.dll+0xe835b>) modid:17
# 4 KERNEL32.dll!WerpReportFaultInternal (0x00007ffe168cee3e <KERNEL32.dll+0x6ee3e>) modid:13
# 5 KERNEL32.dll!WerpReportFault (0x00007ffe168ce9d6 <KERNEL32.dll+0x6e9d6>) modid:13
# 6 KERNELBASE.dll!UnhandledExceptionFilter (0x00007ffe15085eb3 <KERNELBASE.dll+0x145eb3>) modid:10
# 7 ntdll.dll!RtlUserThreadStart$filt$0 (0x00007ffe1786abac <ntdll.dll+0xaabac>) modid:17
# 8 ntdll.dll!_C_specific_handler (0x00007ffe17853b36 <ntdll.dll+0x93b36>) modid:17
# 9 ntdll.dll!RtlpExecuteHandlerForException (0x00007ffe17868b1f <ntdll.dll+0xa8b1f>) modid:17
#10 ntdll.dll!RtlDispatchException (0x00007ffe177f5b9a <ntdll.dll+0x35b9a>) modid:17
#11 ntdll.dll!KiUserExceptionDispatch (0x00007ffe17867b2e <ntdll.dll+0xa7b2e>) modid:17
#12 KERNELBASE.dll!ReadFile       (0x00007ffe14f74fcb <KERNELBASE.dll+0x34fcb>) modid:10
#13 ntdll.dll!RtlUserThreadStart (0x00007ffe177c485b <ntdll.dll+0x485b>) modid:17
Note: @0:00:28.699 in thread 112116
	error end

Error #3: UNINITIALIZED READ: reading 0x000000ff711fe39a-0x000000ff711fe3a0 6 byte(s) within 0x000000ff711fe390-0x000000ff711fe3b8
# 0 ntdll.dll!RcContinueExit (0x00007ffe178682f0 <ntdll.dll+0xa82f0>) modid:17
# 1 ntdll.dll!RtlUserThreadStart (0x00007ffe177c485b <ntdll.dll+0x485b>) modid:17
Note: @0:00:48.846 in thread 112116
Note: instruction: iret   %rsp (%rsp) -> %rsp
	error end

Error #4: LEAK 32 direct bytes 0x0000023c989b0a00-0x0000023c989b0a20 + 15 indirect bytes
# 0 replace_operator_new [d:\drmemory_package\common\alloc_replace.c:2900] (0x00007ff734ba9500 <drmemorylib.dll+0x39500>) modid:5
# 1 main     (0x00007ff7a4b11a5c <main.exe+0x1a5c>) modid:6
	error end
WARNING: unable to load symbols for C:\ProgramData\Anaconda3\Library\mingw-w64\bin\libwinpthread-1.dll
WARNING: unable to load symbols for C:\ProgramData\Anaconda3\Library\mingw-w64\bin\libstdc++-6.dll

Potential Error #2: HANDLE LEAK: KERNEL handle 0x0000000000000140 and 0 similar handle(s) were opened but not closed:
# 0 system call NtCreateEvent
# 1 KERNELBASE.dll!CreateEventA   (0x00007ffe14fc3a83 <KERNELBASE.dll+0x83a83>) modid:10
# 2 libwinpthread-1.dll!?                   (0x00000000649445a2 <libwinpthread-1.dll+0x45a2>) modid:2
# 3 libwinpthread-1.dll!?                   (0x0000000064944d96 <libwinpthread-1.dll+0x4d96>) modid:2
# 4 libstdc++-6.dll!?               (0x000000006fcdd0d8 <libstdc++-6.dll+0x9d0d8>) modid:3
# 5 libstdc++-6.dll!?               (0x000000006fce0ff6 <libstdc++-6.dll+0xa0ff6>) modid:3
# 6 libstdc++-6.dll!?               (0x000000006fcf636b <libstdc++-6.dll+0xb636b>) modid:3
# 7 __static_initialization_and_destruction_0 (0x00007ff7a4b16cb0 <main.exe+0x6cb0>) modid:6
# 8 _GLOBAL__sub_I__Z8func_ascP6StringS0_ (0x00007ff7a4b16cdd <main.exe+0x6cdd>) modid:6
# 9 __do_global_ctors (0x00007ff7a4b16e72 <main.exe+0x6e72>) modid:6
#10 __tmainCRTStartup (0x00007ff7a4b1138b <main.exe+0x138b>) modid:6
#11 .l_start (0x00007ff7a4b114e6 <main.exe+0x14e6>) modid:6
#12 ntdll.dll!RtlUserThreadStart (0x00007ffe177c485b <ntdll.dll+0x485b>) modid:17
Note: @0:00:49.123 in thread 112116
	error end

Potential Error #3: HANDLE LEAK: KERNEL handle 0x0000000000000148 and 0 similar handle(s) were opened but not closed:
# 0 system call NtDuplicateObject
# 1 KERNELBASE.dll!DuplicateHandle (0x00007ffe14fbfa4c <KERNELBASE.dll+0x7fa4c>) modid:10
# 2 libwinpthread-1.dll!?                   (0x000000006494460b <libwinpthread-1.dll+0x460b>) modid:2
# 3 libwinpthread-1.dll!?                   (0x0000000064944d96 <libwinpthread-1.dll+0x4d96>) modid:2
# 4 libstdc++-6.dll!?               (0x000000006fcdd0d8 <libstdc++-6.dll+0x9d0d8>) modid:3
# 5 libstdc++-6.dll!?               (0x000000006fce0ff6 <libstdc++-6.dll+0xa0ff6>) modid:3
# 6 libstdc++-6.dll!?               (0x000000006fcf636b <libstdc++-6.dll+0xb636b>) modid:3
# 7 __static_initialization_and_destruction_0 (0x00007ff7a4b16cb0 <main.exe+0x6cb0>) modid:6
# 8 _GLOBAL__sub_I__Z8func_ascP6StringS0_ (0x00007ff7a4b16cdd <main.exe+0x6cdd>) modid:6
# 9 __do_global_ctors (0x00007ff7a4b16e72 <main.exe+0x6e72>) modid:6
#10 __tmainCRTStartup (0x00007ff7a4b1138b <main.exe+0x138b>) modid:6
#11 .l_start (0x00007ff7a4b114e6 <main.exe+0x14e6>) modid:6
#12 ntdll.dll!RtlUserThreadStart (0x00007ffe177c485b <ntdll.dll+0x485b>) modid:17
Note: @0:00:49.123 in thread 112116
	error end

DUPLICATE ERROR COUNTS:
	Error #   1:      2
	Error #   3:      3

SUPPRESSIONS USED:

ERRORS FOUND:
      2 unique,     3 total unaddressable access(es)
      1 unique,     3 total uninitialized access(es)
      0 unique,     0 total invalid heap argument(s)
      0 unique,     0 total GDI usage error(s)
      0 unique,     0 total handle leak(s)
      0 unique,     0 total warning(s)
      1 unique,     1 total,     47 byte(s) of leak(s)
      0 unique,     0 total,      0 byte(s) of possible leak(s)
ERRORS IGNORED:
      3 potential error(s) (suspected false positives)
         (details: C:\Users\pinkp\Documents\GitHub\COMP2012H\DrMemory-Windows-2.3.0-1\drmemory\logs\DrMemory-main.exe.102924.000\potential_errors.txt)
    319 ignored assumed-innocuous system leak(s)
      9 unique,     9 total,   2215 byte(s) of still-reachable allocation(s)
         (re-run with "-show_reachable" for details)
Details: C:\Users\pinkp\Documents\GitHub\COMP2012H\DrMemory-Windows-2.3.0-1\drmemory\logs\DrMemory-main.exe.102924.000\results.txt

DUPLICATE POTENTIAL ERROR COUNTS:

POTENTIAL ERRORS FOUND:
      0 unique,     0 total potential unaddressable access(es)
      1 unique,     1 total potential uninitialized access(es)
      0 unique,     0 total potential invalid heap argument(s)
      0 unique,     0 total potential GDI usage error(s)
      2 unique,     2 total potential handle leak(s)
      0 unique,     0 total potential warning(s)
      0 unique,     0 total,      0 byte(s) of potential leak(s)
      0 unique,     0 total,      0 byte(s) of potential possible leak(s)
Details: C:\Users\pinkp\Documents\GitHub\COMP2012H\DrMemory-Windows-2.3.0-1\drmemory\logs\DrMemory-main.exe.102924.000\potential_errors.txt
Exiting @0:00:49.150 in thread 112116
LOG END
