Dr. Memory version 2.3.0 build 1 built on Feb  6 2020 06:07:09
start time: 3697026:47:59.168 == 18:47:59.168 10/03/2022
Recorded 118 suppression(s) from default C:\Users\pinkp\Documents\GitHub\COMP2012H\DrMemory-Windows-2.3.0-1\bin64\suppress-default.txt
Using system call file C:\Users\pinkp\Documents\GitHub\COMP2012H\DrMemory-Windows-2.3.0-1\drmemory\logs\symcache\syscalls_x64.txt
Syscall mismatch detected.  Running on unknown kernel version!
new thread #0 id=1908
WARNING: symbol cache file has wrong version

module load event: "dynamorio.dll" 0x0000000071000000-0x00000000711b1000 modid: 1 C:\Users\pinkp\Documents\GitHub\COMP2012H\DrMemory-Windows-2.3.0-1\dynamorio\lib64\release\dynamorio.dll
WARNING: symbol cache file has wrong version

module load event: "drmemorylib.dll" 0x00007ff5e7cd0000-0x00007ff5e7f6c000 modid: 2 C:\Users\pinkp\Documents\GitHub\COMP2012H\DrMemory-Windows-2.3.0-1\bin64\release\drmemorylib.dll

module load event: "nothing.exe" 0x00007ff657c90000-0x00007ff657cb4000 modid: 3 C:\Users\pinkp\Documents\GitHub\COMP2012H\HW5\nothing.exe
WARNING: symbol cache file has wrong version

module load event: "KERNELBASE.dll" 0x00007ff9e3890000-0x00007ff9e3c0c000 modid: 4 C:\WINDOWS\System32\KERNELBASE.dll
WARNING: symbol cache file has wrong version

module load event: "KERNEL32.dll" 0x00007ff9e4db0000-0x00007ff9e4e6d000 modid: 5 C:\WINDOWS\System32\KERNEL32.DLL
WARNING: symbol cache file has wrong version

module load event: "msvcrt.dll" 0x00007ff9e5180000-0x00007ff9e5223000 modid: 6 C:\WINDOWS\System32\msvcrt.dll
WARNING: new/delete has no local wrapper => disabling mismatch detection for msvcrt.dll
WARNING: new/delete has no local wrapper => disabling mismatch detection for msvcrt.dll
WARNING: new/delete has no local wrapper => disabling mismatch detection for msvcrt.dll
WARNING: new == new[] => disabling mismatch detection for msvcrt.dll
WARNING: new/delete has no local wrapper => disabling mismatch detection for msvcrt.dll
WARNING: new/delete has no local wrapper => disabling mismatch detection for msvcrt.dll

module load event: "ntdll.dll" 0x00007ff9e5ea0000-0x00007ff9e60a9000 modid: 7 C:\WINDOWS\SYSTEM32\ntdll.dll
WARNING: fail to find call to RtlFreeStringRoutine
WARNING: fail to find call to RtlFreeStringRoutine
WARNING: fail to find call to RtlFreeStringRoutine

NEW THREAD: main thread 1908


Error #1: UNADDRESSABLE ACCESS beyond top of stack: reading 0x0000005313bff560-0x0000005313bff568 8 byte(s)
# 0 ___chkstk_ms (0x00007ff657c925eb <nothing.exe+0x25eb>) modid:3
# 1 _pei386_runtime_relocator (0x00007ff657c91a46 <nothing.exe+0x1a46>) modid:3
# 2 __tmainCRTStartup (0x00007ff657c91251 <nothing.exe+0x1251>) modid:3
# 3 .l_start    (0x00007ff657c914e6 <nothing.exe+0x14e6>) modid:3
# 4 ntdll.dll!RtlUserThreadStart (0x00007ff9e5ea485b <ntdll.dll+0x485b>) modid:7
Note: @0:00:01.204 in thread 1908
Note: 0x0000005313bff560 refers to 776 byte(s) beyond the top of the stack 0x0000005313bff868
Note: instruction: or     $0x0000000000000000 (%rcx) -> (%rcx)
	error end

Error #2: POSSIBLE LEAK 75 direct bytes 0x000001eb854701c0-0x000001eb8547020b + 0 indirect bytes
# 0 replace_malloc  [d:\drmemory_package\common\alloc_replace.c:2577] (0x00007ff5e7d089e0 <drmemorylib.dll+0x389e0>) modid:2
# 1 msvcrt.dll!malloc_crt (0x00007ff9e519c93b <msvcrt.dll+0x1c93b>) modid:6
# 2 msvcrt.dll!_setargv   (0x00007ff9e51be6ed <msvcrt.dll+0x3e6ed>) modid:6
# 3 msvcrt.dll!_getmainargs (0x00007ff9e5187ca1 <msvcrt.dll+0x7ca1>) modid:6
# 4 pre_cpp_init (0x00007ff657c91173 <nothing.exe+0x1173>) modid:3
# 5 msvcrt.dll!initterm   (0x00007ff9e51bd54d <msvcrt.dll+0x3d54d>) modid:6
# 6 __tmainCRTStartup (0x00007ff657c91437 <nothing.exe+0x1437>) modid:3
# 7 .l_start    (0x00007ff657c914e6 <nothing.exe+0x14e6>) modid:3
# 8 ntdll.dll!RtlUserThreadStart (0x00007ff9e5ea485b <ntdll.dll+0x485b>) modid:7
	error end

DUPLICATE ERROR COUNTS:
	Error #   1:      2

SUPPRESSIONS USED:

ERRORS FOUND:
      1 unique,     2 total unaddressable access(es)
      0 unique,     0 total uninitialized access(es)
      0 unique,     0 total invalid heap argument(s)
      0 unique,     0 total GDI usage error(s)
      0 unique,     0 total handle leak(s)
      0 unique,     0 total warning(s)
      0 unique,     0 total,      0 byte(s) of leak(s)
      1 unique,     1 total,     75 byte(s) of possible leak(s)
ERRORS IGNORED:
    137 ignored assumed-innocuous system leak(s)
      3 unique,     3 total,     90 byte(s) of still-reachable allocation(s)
         (re-run with "-show_reachable" for details)
Details: C:\Users\pinkp\Documents\GitHub\COMP2012H\DrMemory-Windows-2.3.0-1\drmemory\logs\DrMemory-nothing.exe.12800.000\results.txt

DUPLICATE POTENTIAL ERROR COUNTS:

POTENTIAL ERRORS FOUND:
      0 unique,     0 total potential unaddressable access(es)
      0 unique,     0 total potential uninitialized access(es)
      0 unique,     0 total potential invalid heap argument(s)
      0 unique,     0 total potential GDI usage error(s)
      0 unique,     0 total potential handle leak(s)
      0 unique,     0 total potential warning(s)
      0 unique,     0 total,      0 byte(s) of potential leak(s)
      0 unique,     0 total,      0 byte(s) of potential possible leak(s)
Details: C:\Users\pinkp\Documents\GitHub\COMP2012H\DrMemory-Windows-2.3.0-1\drmemory\logs\DrMemory-nothing.exe.12800.000\potential_errors.txt
Exiting @0:00:01.632 in thread 1908
LOG END
