Dr. Memory version 2.3.0 build 1 built on Feb  6 2020 06:07:09
start time: 3697026:44:34.674 == 18:44:34.674 10/03/2022
Recorded 118 suppression(s) from default C:\Users\pinkp\Documents\GitHub\COMP2012H\DrMemory-Windows-2.3.0-1\bin64\suppress-default.txt
Using system call file C:\Users\pinkp\Documents\GitHub\COMP2012H\DrMemory-Windows-2.3.0-1\drmemory\logs\symcache\syscalls_x64.txt
Syscall mismatch detected.  Running on unknown kernel version!
new thread #0 id=7952
WARNING: symbol cache file has wrong version

module load event: "libgcc_s_seh-1.dll" 0x0000000061440000-0x000000006145c000 modid: 1 C:\ProgramData\Anaconda3\Library\mingw-w64\bin\libgcc_s_seh-1.dll
WARNING: symbol cache file has wrong version

module load event: "libwinpthread-1.dll" 0x0000000064940000-0x0000000064955000 modid: 2 C:\ProgramData\Anaconda3\Library\mingw-w64\bin\libwinpthread-1.dll
WARNING: symbol cache file has wrong version

module load event: "libstdc++-6.dll" 0x000000006fc40000-0x000000006fda2000 modid: 3 C:\ProgramData\Anaconda3\Library\mingw-w64\bin\libstdc++-6.dll
WARNING: symbol cache file has wrong version

module load event: "dynamorio.dll" 0x0000000071000000-0x00000000711b1000 modid: 4 C:\Users\pinkp\Documents\GitHub\COMP2012H\DrMemory-Windows-2.3.0-1\dynamorio\lib64\release\dynamorio.dll
WARNING: symbol cache file has wrong version

module load event: "drmemorylib.dll" 0x00007ff5f22b0000-0x00007ff5f254c000 modid: 5 C:\Users\pinkp\Documents\GitHub\COMP2012H\DrMemory-Windows-2.3.0-1\bin64\release\drmemorylib.dll
WARNING: symbol cache file has wrong version

module load event: "main.exe" 0x00007ff662270000-0x00007ff662296000 modid: 6 C:\Users\pinkp\Documents\GitHub\COMP2012H\HW5\main.exe
WARNING: assuming operator new is non-placement in main.exe @0x00007ff662273b68
WARNING: assuming operator delete is non-placement in main.exe @0x00007ff662273b70
WARNING: symbol cache file has wrong version

module load event: "win32u.dll" 0x00007ff9e3440000-0x00007ff9e3466000 modid: 7 C:\WINDOWS\System32\win32u.dll
WARNING: symbol cache file has wrong version

module load event: "msvcp_win.dll" 0x00007ff9e35e0000-0x00007ff9e367d000 modid: 8 C:\WINDOWS\System32\msvcp_win.dll
WARNING: symbol cache file has wrong version

module load event: "gdi32full.dll" 0x00007ff9e3770000-0x00007ff9e3889000 modid: 9 C:\WINDOWS\System32\gdi32full.dll
WARNING: unable to load symbols for C:\WINDOWS\System32\gdi32full.dll
WARNING: symbol cache file has wrong version

module load event: "KERNELBASE.dll" 0x00007ff9e3890000-0x00007ff9e3c0c000 modid: 10 C:\WINDOWS\System32\KERNELBASE.dll
WARNING: symbol cache file has wrong version

module load event: "ucrtbase.dll" 0x00007ff9e3c10000-0x00007ff9e3d21000 modid: 11 C:\WINDOWS\System32\ucrtbase.dll
WARNING: unable to load symbols for C:\WINDOWS\System32\ucrtbase.dll
WARNING: symbol cache file has wrong version

module load event: "USER32.dll" 0x00007ff9e4660000-0x00007ff9e480d000 modid: 12 C:\WINDOWS\System32\USER32.dll
WARNING: error finding UserConnectToServer syscall #WARNING: symbol cache file has wrong version

module load event: "KERNEL32.dll" 0x00007ff9e4db0000-0x00007ff9e4e6d000 modid: 13 C:\WINDOWS\System32\KERNEL32.DLL
WARNING: symbol cache file has wrong version

module load event: "msvcrt.dll" 0x00007ff9e5180000-0x00007ff9e5223000 modid: 14 C:\WINDOWS\System32\msvcrt.dll
WARNING: new/delete has no local wrapper => disabling mismatch detection for msvcrt.dll
WARNING: new/delete has no local wrapper => disabling mismatch detection for msvcrt.dll
WARNING: new/delete has no local wrapper => disabling mismatch detection for msvcrt.dll
WARNING: new == new[] => disabling mismatch detection for msvcrt.dll
WARNING: new/delete has no local wrapper => disabling mismatch detection for msvcrt.dll
WARNING: new/delete has no local wrapper => disabling mismatch detection for msvcrt.dll
WARNING: symbol cache file has wrong version

module load event: "IMM32.dll" 0x00007ff9e5590000-0x00007ff9e55c1000 modid: 15 C:\WINDOWS\System32\IMM32.DLL
WARNING: symbol cache file has wrong version

module load event: "GDI32.dll" 0x00007ff9e5670000-0x00007ff9e5699000 modid: 16 C:\WINDOWS\System32\GDI32.dll

module load event: "ntdll.dll" 0x00007ff9e5ea0000-0x00007ff9e60a9000 modid: 17 C:\WINDOWS\SYSTEM32\ntdll.dll
WARNING: fail to find call to RtlFreeStringRoutine
WARNING: fail to find call to RtlFreeStringRoutine
WARNING: fail to find call to RtlFreeStringRoutine

NEW THREAD: main thread 7952


Error #1: UNADDRESSABLE ACCESS beyond top of stack: reading 0x0000005f8dfff6d0-0x0000005f8dfff6d8 8 byte(s)
# 0 .text    (0x00007ff662274c8b <main.exe+0x4c8b>) modid:6
# 1 _pei386_runtime_relocator (0x00007ff6622740d6 <main.exe+0x40d6>) modid:6
# 2 __tmainCRTStartup (0x00007ff662271251 <main.exe+0x1251>) modid:6
# 3 .l_start (0x00007ff6622714e6 <main.exe+0x14e6>) modid:6
# 4 ntdll.dll!RtlUserThreadStart (0x00007ff9e5ea485b <ntdll.dll+0x485b>) modid:17
Note: @0:00:01.821 in thread 7952
Note: 0x0000005f8dfff6d0 refers to 776 byte(s) beyond the top of the stack 0x0000005f8dfff9d8
Note: instruction: or     $0x0000000000000000 (%rcx) -> (%rcx)
	error end
WARNING: unhandled system calls found

Error #2: UNADDRESSABLE ACCESS of freed memory: reading 0x00000162d9c10c80-0x00000162d9c10c88 8 byte(s)
# 0 prev     (0x00007ff662272bed <main.exe+0x2bed>) modid:6
# 1 pop_back (0x00007ff662273351 <main.exe+0x3351>) modid:6
# 2 test_pop_back (0x00007ff662271e95 <main.exe+0x1e95>) modid:6
# 3 main     (0x00007ff6622729b7 <main.exe+0x29b7>) modid:6
Note: @0:00:02.581 in thread 7952
Note: next higher malloc: 0x00000162d9c10cb0-0x00000162d9c10ce0
Note: prev lower malloc:  0x00000162d9c10c10-0x00000162d9c10c40
Note: 0x00000162d9c10c80-0x00000162d9c10c88 overlaps memory 0x00000162d9c10c60-0x00000162d9c10c90 that was freed here:
Note: # 0 replace_operator_delete_nothrow [d:\drmemory_package\common\alloc_replace.c:2975] (0x00007ff5f22e93c0 <drmemorylib.dll+0x393c0>) modid:5
Note: # 1 pop_back (0x00007ff662273318 <main.exe+0x3318>) modid:6
Note: # 2 test_pop_back (0x00007ff662271e95 <main.exe+0x1e95>) modid:6
Note: # 3 main     (0x00007ff6622729b7 <main.exe+0x29b7>) modid:6
Note: instruction: mov    0x20(%rax) -> %rax
	error end
WARNING: heap buffer at 0x00000162d9c11330 is of size 512 bytes, which does not match the sysarg parameter #5 size of 511 bytes.
WARNING: heap buffer at 0x00000162d9c11b40 is of size 512 bytes, which does not match the sysarg parameter #5 size of 511 bytes.

Error #3: UNADDRESSABLE ACCESS of freed memory: reading 0x00000162d9c12940-0x00000162d9c12948 8 byte(s)
# 0 prev     (0x00007ff662272bed <main.exe+0x2bed>) modid:6
# 1 pop_back (0x00007ff662273351 <main.exe+0x3351>) modid:6
# 2 erase    (0x00007ff66227386f <main.exe+0x386f>) modid:6
# 3 test_gen_big_deque (0x00007ff662272905 <main.exe+0x2905>) modid:6
# 4 main     (0x00007ff6622729d0 <main.exe+0x29d0>) modid:6
Note: @0:00:09.065 in thread 7952
Note: prev lower malloc:  0x00000162d9c126d0-0x00000162d9c12700
Note: 0x00000162d9c12940-0x00000162d9c12948 overlaps memory 0x00000162d9c12920-0x00000162d9c12950 that was freed here:
Note: # 0 replace_operator_delete_nothrow [d:\drmemory_package\common\alloc_replace.c:2975] (0x00007ff5f22e93c0 <drmemorylib.dll+0x393c0>) modid:5
Note: # 1 pop_back (0x00007ff662273318 <main.exe+0x3318>) modid:6
Note: # 2 erase    (0x00007ff66227386f <main.exe+0x386f>) modid:6
Note: # 3 test_gen_big_deque (0x00007ff662272905 <main.exe+0x2905>) modid:6
Note: # 4 main     (0x00007ff6622729d0 <main.exe+0x29d0>) modid:6
Note: instruction: mov    0x20(%rax) -> %rax
	error end
WARNING: heap buffer at 0x00000162d9c13020 is of size 512 bytes, which does not match the sysarg parameter #5 size of 511 bytes.

Error #4: UNADDRESSABLE ACCESS of freed memory: reading 0x00000162d9c13e20-0x00000162d9c13e28 8 byte(s)
# 0 prev     (0x00007ff662272bed <main.exe+0x2bed>) modid:6
# 1 pop_back (0x00007ff662273351 <main.exe+0x3351>) modid:6
# 2 erase    (0x00007ff66227386f <main.exe+0x386f>) modid:6
# 3 test_gen_big_deque (0x00007ff662272905 <main.exe+0x2905>) modid:6
# 4 main     (0x00007ff6622729d5 <main.exe+0x29d5>) modid:6
Note: @0:00:18.271 in thread 7952
Note: prev lower malloc:  0x00000162d9c13bb0-0x00000162d9c13be0
Note: 0x00000162d9c13e20-0x00000162d9c13e28 overlaps memory 0x00000162d9c13e00-0x00000162d9c13e30 that was freed here:
Note: # 0 replace_operator_delete_nothrow [d:\drmemory_package\common\alloc_replace.c:2975] (0x00007ff5f22e93c0 <drmemorylib.dll+0x393c0>) modid:5
Note: # 1 pop_back (0x00007ff662273318 <main.exe+0x3318>) modid:6
Note: # 2 erase    (0x00007ff66227386f <main.exe+0x386f>) modid:6
Note: # 3 test_gen_big_deque (0x00007ff662272905 <main.exe+0x2905>) modid:6
Note: # 4 main     (0x00007ff6622729d5 <main.exe+0x29d5>) modid:6
Note: instruction: mov    0x20(%rax) -> %rax
	error end
WARNING: heap buffer at 0x00000162d9c14500 is of size 512 bytes, which does not match the sysarg parameter #5 size of 511 bytes.

Error #5: UNADDRESSABLE ACCESS of freed memory: reading 0x00000162d9c15300-0x00000162d9c15308 8 byte(s)
# 0 prev     (0x00007ff662272bed <main.exe+0x2bed>) modid:6
# 1 pop_back (0x00007ff662273351 <main.exe+0x3351>) modid:6
# 2 erase    (0x00007ff66227386f <main.exe+0x386f>) modid:6
# 3 test_gen_big_deque (0x00007ff662272905 <main.exe+0x2905>) modid:6
# 4 main     (0x00007ff6622729da <main.exe+0x29da>) modid:6
Note: @0:00:27.470 in thread 7952
Note: prev lower malloc:  0x00000162d9c15090-0x00000162d9c150c0
Note: 0x00000162d9c15300-0x00000162d9c15308 overlaps memory 0x00000162d9c152e0-0x00000162d9c15310 that was freed here:
Note: # 0 replace_operator_delete_nothrow [d:\drmemory_package\common\alloc_replace.c:2975] (0x00007ff5f22e93c0 <drmemorylib.dll+0x393c0>) modid:5
Note: # 1 pop_back (0x00007ff662273318 <main.exe+0x3318>) modid:6
Note: # 2 erase    (0x00007ff66227386f <main.exe+0x386f>) modid:6
Note: # 3 test_gen_big_deque (0x00007ff662272905 <main.exe+0x2905>) modid:6
Note: # 4 main     (0x00007ff6622729da <main.exe+0x29da>) modid:6
Note: instruction: mov    0x20(%rax) -> %rax
	error end
WARNING: heap buffer at 0x00000162d9c159e0 is of size 512 bytes, which does not match the sysarg parameter #5 size of 511 bytes.

Error #6: UNADDRESSABLE ACCESS of freed memory: reading 0x00000162d9c167e0-0x00000162d9c167e8 8 byte(s)
# 0 prev     (0x00007ff662272bed <main.exe+0x2bed>) modid:6
# 1 pop_back (0x00007ff662273351 <main.exe+0x3351>) modid:6
# 2 erase    (0x00007ff66227386f <main.exe+0x386f>) modid:6
# 3 test_gen_big_deque (0x00007ff662272905 <main.exe+0x2905>) modid:6
# 4 main     (0x00007ff6622729df <main.exe+0x29df>) modid:6
Note: @0:00:36.736 in thread 7952
Note: prev lower malloc:  0x00000162d9c16570-0x00000162d9c165a0
Note: 0x00000162d9c167e0-0x00000162d9c167e8 overlaps memory 0x00000162d9c167c0-0x00000162d9c167f0 that was freed here:
Note: # 0 replace_operator_delete_nothrow [d:\drmemory_package\common\alloc_replace.c:2975] (0x00007ff5f22e93c0 <drmemorylib.dll+0x393c0>) modid:5
Note: # 1 pop_back (0x00007ff662273318 <main.exe+0x3318>) modid:6
Note: # 2 erase    (0x00007ff66227386f <main.exe+0x386f>) modid:6
Note: # 3 test_gen_big_deque (0x00007ff662272905 <main.exe+0x2905>) modid:6
Note: # 4 main     (0x00007ff6622729df <main.exe+0x29df>) modid:6
Note: instruction: mov    0x20(%rax) -> %rax
	error end
WARNING: heap buffer at 0x00000162d9c16ec0 is of size 512 bytes, which does not match the sysarg parameter #5 size of 511 bytes.

Error #7: UNADDRESSABLE ACCESS of freed memory: reading 0x00000162d9c17cc0-0x00000162d9c17cc8 8 byte(s)
# 0 prev     (0x00007ff662272bed <main.exe+0x2bed>) modid:6
# 1 pop_back (0x00007ff662273351 <main.exe+0x3351>) modid:6
# 2 erase    (0x00007ff66227386f <main.exe+0x386f>) modid:6
# 3 test_gen_big_deque (0x00007ff662272905 <main.exe+0x2905>) modid:6
# 4 main     (0x00007ff6622729e4 <main.exe+0x29e4>) modid:6
Note: @0:00:45.978 in thread 7952
Note: prev lower malloc:  0x00000162d9c17a50-0x00000162d9c17a80
Note: 0x00000162d9c17cc0-0x00000162d9c17cc8 overlaps memory 0x00000162d9c17ca0-0x00000162d9c17cd0 that was freed here:
Note: # 0 replace_operator_delete_nothrow [d:\drmemory_package\common\alloc_replace.c:2975] (0x00007ff5f22e93c0 <drmemorylib.dll+0x393c0>) modid:5
Note: # 1 pop_back (0x00007ff662273318 <main.exe+0x3318>) modid:6
Note: # 2 erase    (0x00007ff66227386f <main.exe+0x386f>) modid:6
Note: # 3 test_gen_big_deque (0x00007ff662272905 <main.exe+0x2905>) modid:6
Note: # 4 main     (0x00007ff6622729e4 <main.exe+0x29e4>) modid:6
Note: instruction: mov    0x20(%rax) -> %rax
	error end
WARNING: heap buffer at 0x00000162d9c183a0 is of size 512 bytes, which does not match the sysarg parameter #5 size of 511 bytes.

Error #8: UNADDRESSABLE ACCESS of freed memory: reading 0x00000162d9c191a0-0x00000162d9c191a8 8 byte(s)
# 0 prev     (0x00007ff662272bed <main.exe+0x2bed>) modid:6
# 1 pop_back (0x00007ff662273351 <main.exe+0x3351>) modid:6
# 2 erase    (0x00007ff66227386f <main.exe+0x386f>) modid:6
# 3 test_gen_big_deque (0x00007ff662272905 <main.exe+0x2905>) modid:6
# 4 main     (0x00007ff6622729e9 <main.exe+0x29e9>) modid:6
Note: @0:00:55.397 in thread 7952
Note: prev lower malloc:  0x00000162d9c18f30-0x00000162d9c18f60
Note: 0x00000162d9c191a0-0x00000162d9c191a8 overlaps memory 0x00000162d9c19180-0x00000162d9c191b0 that was freed here:
Note: # 0 replace_operator_delete_nothrow [d:\drmemory_package\common\alloc_replace.c:2975] (0x00007ff5f22e93c0 <drmemorylib.dll+0x393c0>) modid:5
Note: # 1 pop_back (0x00007ff662273318 <main.exe+0x3318>) modid:6
Note: # 2 erase    (0x00007ff66227386f <main.exe+0x386f>) modid:6
Note: # 3 test_gen_big_deque (0x00007ff662272905 <main.exe+0x2905>) modid:6
Note: # 4 main     (0x00007ff6622729e9 <main.exe+0x29e9>) modid:6
Note: instruction: mov    0x20(%rax) -> %rax
	error end

Error #9: POSSIBLE LEAK 72 direct bytes 0x00000162d9c101c0-0x00000162d9c10208 + 0 indirect bytes
# 0 replace_malloc  [d:\drmemory_package\common\alloc_replace.c:2577] (0x00007ff5f22e89e0 <drmemorylib.dll+0x389e0>) modid:5
# 1 msvcrt.dll!malloc_crt (0x00007ff9e519c93b <msvcrt.dll+0x1c93b>) modid:14
# 2 msvcrt.dll!_setargv   (0x00007ff9e51be6ed <msvcrt.dll+0x3e6ed>) modid:14
# 3 msvcrt.dll!_getmainargs (0x00007ff9e5187ca1 <msvcrt.dll+0x7ca1>) modid:14
# 4 pre_cpp_init (0x00007ff662271173 <main.exe+0x1173>) modid:6
# 5 msvcrt.dll!initterm   (0x00007ff9e51bd54d <msvcrt.dll+0x3d54d>) modid:14
# 6 __tmainCRTStartup (0x00007ff662271437 <main.exe+0x1437>) modid:6
# 7 .l_start (0x00007ff6622714e6 <main.exe+0x14e6>) modid:6
# 8 ntdll.dll!RtlUserThreadStart (0x00007ff9e5ea485b <ntdll.dll+0x485b>) modid:17
	error end
WARNING: unable to load symbols for C:\ProgramData\Anaconda3\Library\mingw-w64\bin\libwinpthread-1.dll
WARNING: unable to load symbols for C:\ProgramData\Anaconda3\Library\mingw-w64\bin\libstdc++-6.dll

Potential Error #1: HANDLE LEAK: KERNEL handle 0x0000000000000140 and 0 similar handle(s) were opened but not closed:
# 0 system call NtCreateEvent
# 1 KERNELBASE.dll!CreateEventA   (0x00007ff9e39149f3 <KERNELBASE.dll+0x849f3>) modid:10
# 2 libwinpthread-1.dll!?                   (0x00000000649445a2 <libwinpthread-1.dll+0x45a2>) modid:2
# 3 libwinpthread-1.dll!?                   (0x0000000064944d96 <libwinpthread-1.dll+0x4d96>) modid:2
# 4 libstdc++-6.dll!?               (0x000000006fcdd0d8 <libstdc++-6.dll+0x9d0d8>) modid:3
# 5 libstdc++-6.dll!?               (0x000000006fce0ff6 <libstdc++-6.dll+0xa0ff6>) modid:3
# 6 libstdc++-6.dll!?               (0x000000006fcf636b <libstdc++-6.dll+0xb636b>) modid:3
# 7 __static_initialization_and_destruction_0 (0x00007ff662273b25 <main.exe+0x3b25>) modid:6
# 8 _GLOBAL__sub_I__Z12create_dequev (0x00007ff662273b52 <main.exe+0x3b52>) modid:6
# 9 __do_global_ctors (0x00007ff662273c52 <main.exe+0x3c52>) modid:6
#10 __tmainCRTStartup (0x00007ff66227138b <main.exe+0x138b>) modid:6
#11 .l_start (0x00007ff6622714e6 <main.exe+0x14e6>) modid:6
#12 ntdll.dll!RtlUserThreadStart (0x00007ff9e5ea485b <ntdll.dll+0x485b>) modid:17
Note: @0:00:59.476 in thread 7952
	error end

Potential Error #2: HANDLE LEAK: KERNEL handle 0x0000000000000148 and 0 similar handle(s) were opened but not closed:
# 0 system call NtDuplicateObject
# 1 KERNELBASE.dll!DuplicateHandle (0x00007ff9e39109bc <KERNELBASE.dll+0x809bc>) modid:10
# 2 libwinpthread-1.dll!?                   (0x000000006494460b <libwinpthread-1.dll+0x460b>) modid:2
# 3 libwinpthread-1.dll!?                   (0x0000000064944d96 <libwinpthread-1.dll+0x4d96>) modid:2
# 4 libstdc++-6.dll!?               (0x000000006fcdd0d8 <libstdc++-6.dll+0x9d0d8>) modid:3
# 5 libstdc++-6.dll!?               (0x000000006fce0ff6 <libstdc++-6.dll+0xa0ff6>) modid:3
# 6 libstdc++-6.dll!?               (0x000000006fcf636b <libstdc++-6.dll+0xb636b>) modid:3
# 7 __static_initialization_and_destruction_0 (0x00007ff662273b25 <main.exe+0x3b25>) modid:6
# 8 _GLOBAL__sub_I__Z12create_dequev (0x00007ff662273b52 <main.exe+0x3b52>) modid:6
# 9 __do_global_ctors (0x00007ff662273c52 <main.exe+0x3c52>) modid:6
#10 __tmainCRTStartup (0x00007ff66227138b <main.exe+0x138b>) modid:6
#11 .l_start (0x00007ff6622714e6 <main.exe+0x14e6>) modid:6
#12 ntdll.dll!RtlUserThreadStart (0x00007ff9e5ea485b <ntdll.dll+0x485b>) modid:17
Note: @0:00:59.476 in thread 7952
	error end

DUPLICATE ERROR COUNTS:
	Error #   1:      2
	Error #   3:      5
	Error #   4:      5
	Error #   5:      5
	Error #   6:      5
	Error #   7:      5
	Error #   8:      5

SUPPRESSIONS USED:

ERRORS FOUND:
      8 unique,    33 total unaddressable access(es)
      0 unique,     0 total uninitialized access(es)
      0 unique,     0 total invalid heap argument(s)
      0 unique,     0 total GDI usage error(s)
      0 unique,     0 total handle leak(s)
      0 unique,     0 total warning(s)
      0 unique,     0 total,      0 byte(s) of leak(s)
      1 unique,     1 total,     72 byte(s) of possible leak(s)
ERRORS IGNORED:
      2 potential error(s) (suspected false positives)
         (details: C:\Users\pinkp\Documents\GitHub\COMP2012H\DrMemory-Windows-2.3.0-1\drmemory\logs\DrMemory-main.exe.23608.000\potential_errors.txt)
    294 ignored assumed-innocuous system leak(s)
      8 unique,     8 total,    927 byte(s) of still-reachable allocation(s)
         (re-run with "-show_reachable" for details)
Details: C:\Users\pinkp\Documents\GitHub\COMP2012H\DrMemory-Windows-2.3.0-1\drmemory\logs\DrMemory-main.exe.23608.000\results.txt

DUPLICATE POTENTIAL ERROR COUNTS:

POTENTIAL ERRORS FOUND:
      0 unique,     0 total potential unaddressable access(es)
      0 unique,     0 total potential uninitialized access(es)
      0 unique,     0 total potential invalid heap argument(s)
      0 unique,     0 total potential GDI usage error(s)
      2 unique,     2 total potential handle leak(s)
      0 unique,     0 total potential warning(s)
      0 unique,     0 total,      0 byte(s) of potential leak(s)
      0 unique,     0 total,      0 byte(s) of potential possible leak(s)
Details: C:\Users\pinkp\Documents\GitHub\COMP2012H\DrMemory-Windows-2.3.0-1\drmemory\logs\DrMemory-main.exe.23608.000\potential_errors.txt
Exiting @0:00:59.547 in thread 7952
LOG END
