Dr. Memory version 2.3.0 build 1 built on Feb  6 2020 06:07:09
start time: 3697502:30:17.537 == 14:30:17.537 10/23/2022
Recorded 118 suppression(s) from default C:\Users\pinkp\Documents\GitHub\COMP2012H\DrMemory-Windows-2.3.0-1\bin64\suppress-default.txt
Using system call file C:\Users\pinkp\Documents\GitHub\COMP2012H\DrMemory-Windows-2.3.0-1\drmemory\logs\symcache\syscalls_x64.txt
Syscall mismatch detected.  Running on unknown kernel version!
new thread #0 id=154488
WARNING: symbol cache file has wrong version

module load event: "libgcc_s_seh-1.dll" 0x0000000061440000-0x000000006145c000 modid: 1 C:\ProgramData\Anaconda3\Library\mingw-w64\bin\libgcc_s_seh-1.dll
WARNING: symbol cache file has wrong version

module load event: "libwinpthread-1.dll" 0x0000000064940000-0x0000000064955000 modid: 2 C:\ProgramData\Anaconda3\Library\mingw-w64\bin\libwinpthread-1.dll
WARNING: symbol cache file has wrong version

module load event: "libstdc++-6.dll" 0x000000006fc40000-0x000000006fda2000 modid: 3 C:\ProgramData\Anaconda3\Library\mingw-w64\bin\libstdc++-6.dll
WARNING: symbol cache file has wrong version

module load event: "dynamorio.dll" 0x0000000071000000-0x00000000711b1000 modid: 4 C:\Users\pinkp\Documents\GitHub\COMP2012H\DrMemory-Windows-2.3.0-1\dynamorio\lib64\release\dynamorio.dll
WARNING: symbol cache file has wrong version

module load event: "drmemorylib.dll" 0x00007ff5f17a0000-0x00007ff5f1a3c000 modid: 5 C:\Users\pinkp\Documents\GitHub\COMP2012H\DrMemory-Windows-2.3.0-1\bin64\release\drmemorylib.dll
WARNING: symbol cache file has wrong version

module load event: "main.exe" 0x00007ff661650000-0x00007ff66178f000 modid: 6 C:\Users\pinkp\Documents\GitHub\COMP2012H\HW8\main.exe
WARNING: assuming operator new is non-placement in main.exe @0x00007ff66165dea0
WARNING: assuming operator new[] is non-placement in main.exe @0x00007ff66165dea8
WARNING: symbol cache file has wrong version

module load event: "msvcp_win.dll" 0x00007ffe14c90000-0x00007ffe14d2d000 modid: 7 C:\WINDOWS\System32\msvcp_win.dll
WARNING: symbol cache file has wrong version

module load event: "gdi32full.dll" 0x00007ffe14d30000-0x00007ffe14e48000 modid: 8 C:\WINDOWS\System32\gdi32full.dll
WARNING: unable to load symbols for C:\WINDOWS\System32\gdi32full.dll
WARNING: symbol cache file has wrong version

module load event: "win32u.dll" 0x00007ffe14e50000-0x00007ffe14e76000 modid: 9 C:\WINDOWS\System32\win32u.dll
WARNING: symbol cache file has wrong version

module load event: "KERNELBASE.dll" 0x00007ffe14f40000-0x00007ffe152bb000 modid: 10 C:\WINDOWS\System32\KERNELBASE.dll
WARNING: unable to load symbols for C:\WINDOWS\System32\KERNELBASE.dll
WARNING: symbol cache file has wrong version

module load event: "ucrtbase.dll" 0x00007ffe152c0000-0x00007ffe153d1000 modid: 11 C:\WINDOWS\System32\ucrtbase.dll
WARNING: unable to load symbols for C:\WINDOWS\System32\ucrtbase.dll
WARNING: symbol cache file has wrong version

module load event: "GDI32.dll" 0x00007ffe16400000-0x00007ffe16429000 modid: 12 C:\WINDOWS\System32\GDI32.dll

module load event: "KERNEL32.dll" 0x00007ffe16860000-0x00007ffe1691d000 modid: 13 C:\WINDOWS\System32\KERNEL32.DLL
WARNING: symbol cache file has wrong version

module load event: "USER32.dll" 0x00007ffe17440000-0x00007ffe175ed000 modid: 14 C:\WINDOWS\System32\USER32.dll
WARNING: error finding UserConnectToServer syscall #WARNING: symbol cache file has wrong version

module load event: "IMM32.dll" 0x00007ffe17610000-0x00007ffe17641000 modid: 15 C:\WINDOWS\System32\IMM32.DLL
WARNING: symbol cache file has wrong version

module load event: "msvcrt.dll" 0x00007ffe176d0000-0x00007ffe17773000 modid: 16 C:\WINDOWS\System32\msvcrt.dll
WARNING: new/delete has no local wrapper => disabling mismatch detection for msvcrt.dll
WARNING: new/delete has no local wrapper => disabling mismatch detection for msvcrt.dll
WARNING: new/delete has no local wrapper => disabling mismatch detection for msvcrt.dll
WARNING: new == new[] => disabling mismatch detection for msvcrt.dll
WARNING: new/delete has no local wrapper => disabling mismatch detection for msvcrt.dll
WARNING: new/delete has no local wrapper => disabling mismatch detection for msvcrt.dll

module load event: "ntdll.dll" 0x00007ffe177c0000-0x00007ffe179c9000 modid: 17 C:\WINDOWS\SYSTEM32\ntdll.dll
WARNING: fail to find call to RtlFreeStringRoutine
WARNING: fail to find call to RtlFreeStringRoutine
WARNING: fail to find call to RtlFreeStringRoutine

NEW THREAD: main thread 154488


Error #1: UNADDRESSABLE ACCESS beyond top of stack: reading 0x000000d8cc5ff8f0-0x000000d8cc5ff8f8 8 byte(s)
# 0 .text    (0x00007ff66165f06b <main.exe+0xf06b>) modid:6
# 1 _pei386_runtime_relocator (0x00007ff66165e4b6 <main.exe+0xe4b6>) modid:6
# 2 __tmainCRTStartup (0x00007ff661651251 <main.exe+0x1251>) modid:6
# 3 .l_start (0x00007ff6616514e6 <main.exe+0x14e6>) modid:6
# 4 ntdll.dll!RtlUserThreadStart (0x00007ffe177c485b <ntdll.dll+0x485b>) modid:17
Note: @0:00:01.353 in thread 154488
Note: 0x000000d8cc5ff8f0 refers to 776 byte(s) beyond the top of the stack 0x000000d8cc5ffbf8
Note: instruction: or     $0x0000000000000000 (%rcx) -> (%rcx)
	error end

Error #2: UNADDRESSABLE ACCESS beyond top of stack: reading 0x000000d8cc5fecd0-0x000000d8cc5fecd8 8 byte(s)
# 0 .text    (0x00007ff66165f06b <main.exe+0xf06b>) modid:6
# 1 main     (0x00007ff66165153c <main.exe+0x153c>) modid:6
Note: @0:00:01.854 in thread 154488
Note: 0x000000d8cc5fecd0 refers to 4000 byte(s) beyond the top of the stack 0x000000d8cc5ffc70
Note: instruction: or     $0x0000000000000000 (%rcx) -> (%rcx)
	error end
WARNING: unhandled system calls found
WARNING: symbol cache file has wrong version

module load event: "SECHOST.dll" 0x00000275264f0000-0x000002752658e000 modid: 18 C:\Windows\System32\sechost.dll
WARNING: unable to load symbols for C:\Windows\System32\sechost.dll
