Dr. Memory version 2.3.0 build 1 built on Feb  6 2020 06:07:09
start time: 3696968:52:40.595 == 08:52:40.595 10/01/2022
Recorded 118 suppression(s) from default C:\Users\pinkp\Documents\GitHub\COMP2012H\DrMemory-Windows-2.3.0-1\bin64\suppress-default.txt
Using system call file C:\Users\pinkp\Documents\GitHub\COMP2012H\DrMemory-Windows-2.3.0-1\drmemory\logs\symcache\syscalls_x64.txt
Syscall mismatch detected.  Running on unknown kernel version!
new thread #0 id=70716
WARNING: symbol cache file has wrong version

module load event: "libgcc_s_seh-1.dll" 0x0000000061440000-0x000000006145c000 modid: 1 C:\ProgramData\Anaconda3\Library\mingw-w64\bin\libgcc_s_seh-1.dll
WARNING: symbol cache file has wrong version

module load event: "libwinpthread-1.dll" 0x0000000064940000-0x0000000064955000 modid: 2 C:\ProgramData\Anaconda3\Library\mingw-w64\bin\libwinpthread-1.dll
WARNING: symbol cache file has wrong version

module load event: "libstdc++-6.dll" 0x000000006fc40000-0x000000006fda2000 modid: 3 C:\ProgramData\Anaconda3\Library\mingw-w64\bin\libstdc++-6.dll
WARNING: symbol cache file has wrong version

module load event: "dynamorio.dll" 0x0000000071000000-0x00000000711b1000 modid: 4 C:\Users\pinkp\Documents\GitHub\COMP2012H\DrMemory-Windows-2.3.0-1\dynamorio\lib64\release\dynamorio.dll
WARNING: symbol cache file has wrong version

module load event: "drmemorylib.dll" 0x00007ff62a6a0000-0x00007ff62a93c000 modid: 5 C:\Users\pinkp\Documents\GitHub\COMP2012H\DrMemory-Windows-2.3.0-1\bin64\release\drmemorylib.dll
WARNING: symbol cache file has wrong version

module load event: "main.exe" 0x00007ff69a660000-0x00007ff69a686000 modid: 6 C:\Users\pinkp\Documents\GitHub\COMP2012H\HW5\main.exe
WARNING: assuming operator new is non-placement in main.exe @0x00007ff69a663b68
WARNING: assuming operator delete is non-placement in main.exe @0x00007ff69a663b70
WARNING: symbol cache file has wrong version

module load event: "KERNELBASE.dll" 0x00007fff88cc0000-0x00007fff8903c000 modid: 7 C:\WINDOWS\System32\KERNELBASE.dll
WARNING: symbol cache file has wrong version

module load event: "gdi32full.dll" 0x00007fff89040000-0x00007fff89159000 modid: 8 C:\WINDOWS\System32\gdi32full.dll
WARNING: unable to load symbols for C:\WINDOWS\System32\gdi32full.dll
WARNING: symbol cache file has wrong version

module load event: "win32u.dll" 0x00007fff891d0000-0x00007fff891f6000 modid: 9 C:\WINDOWS\System32\win32u.dll
WARNING: symbol cache file has wrong version

module load event: "ucrtbase.dll" 0x00007fff89200000-0x00007fff89311000 modid: 10 C:\WINDOWS\System32\ucrtbase.dll
WARNING: unable to load symbols for C:\WINDOWS\System32\ucrtbase.dll
WARNING: symbol cache file has wrong version

module load event: "msvcp_win.dll" 0x00007fff895d0000-0x00007fff8966d000 modid: 11 C:\WINDOWS\System32\msvcp_win.dll
WARNING: unable to load symbols for C:\WINDOWS\System32\msvcp_win.dll
WARNING: symbol cache file has wrong version

module load event: "KERNEL32.dll" 0x00007fff89670000-0x00007fff8972d000 modid: 12 C:\WINDOWS\System32\KERNEL32.DLL
WARNING: symbol cache file has wrong version

module load event: "msvcrt.dll" 0x00007fff89c70000-0x00007fff89d13000 modid: 13 C:\WINDOWS\System32\msvcrt.dll
WARNING: unable to load symbols for C:\WINDOWS\System32\msvcrt.dll
WARNING: new/delete has no local wrapper => disabling mismatch detection for msvcrt.dll
WARNING: new/delete has no local wrapper => disabling mismatch detection for msvcrt.dll
WARNING: new/delete has no local wrapper => disabling mismatch detection for msvcrt.dll
WARNING: new == new[] => disabling mismatch detection for msvcrt.dll
WARNING: new/delete has no local wrapper => disabling mismatch detection for msvcrt.dll
WARNING: new/delete has no local wrapper => disabling mismatch detection for msvcrt.dll
WARNING: symbol cache file has wrong version

module load event: "USER32.dll" 0x00007fff89f60000-0x00007fff8a10d000 modid: 14 C:\WINDOWS\System32\USER32.dll
WARNING: error finding UserConnectToServer syscall #WARNING: symbol cache file has wrong version

module load event: "IMM32.dll" 0x00007fff8b280000-0x00007fff8b2b1000 modid: 15 C:\WINDOWS\System32\IMM32.DLL
WARNING: symbol cache file has wrong version

module load event: "GDI32.dll" 0x00007fff8b650000-0x00007fff8b679000 modid: 16 C:\WINDOWS\System32\GDI32.dll

module load event: "ntdll.dll" 0x00007fff8b7e0000-0x00007fff8b9e9000 modid: 17 C:\WINDOWS\SYSTEM32\ntdll.dll
WARNING: fail to find call to RtlFreeStringRoutine
WARNING: fail to find call to RtlFreeStringRoutine
WARNING: fail to find call to RtlFreeStringRoutine

NEW THREAD: main thread 70716


Error #1: UNADDRESSABLE ACCESS beyond top of stack: reading 0x0000009664dff6c0-0x0000009664dff6c8 8 byte(s)
# 0 .text    (0x00007ff69a664c8b <main.exe+0x4c8b>) modid:6
# 1 _pei386_runtime_relocator (0x00007ff69a6640d6 <main.exe+0x40d6>) modid:6
# 2 __tmainCRTStartup (0x00007ff69a661251 <main.exe+0x1251>) modid:6
# 3 .l_start (0x00007ff69a6614e6 <main.exe+0x14e6>) modid:6
# 4 ntdll.dll!RtlUserThreadStart (0x00007fff8b7e485b <ntdll.dll+0x485b>) modid:17
Note: @0:00:00.755 in thread 70716
Note: 0x0000009664dff6c0 refers to 776 byte(s) beyond the top of the stack 0x0000009664dff9c8
Note: instruction: or     $0x0000000000000000 (%rcx) -> (%rcx)
	error end
WARNING: unhandled system calls found

Error #2: UNADDRESSABLE ACCESS of freed memory: reading 0x000001bc6ba00c80-0x000001bc6ba00c88 8 byte(s)
# 0 prev     (0x00007ff69a662bed <main.exe+0x2bed>) modid:6
# 1 pop_back (0x00007ff69a663351 <main.exe+0x3351>) modid:6
# 2 test_pop_back (0x00007ff69a661e95 <main.exe+0x1e95>) modid:6
# 3 main     (0x00007ff69a6629b7 <main.exe+0x29b7>) modid:6
Note: @0:00:01.060 in thread 70716
Note: next higher malloc: 0x000001bc6ba00cb0-0x000001bc6ba00ce0
Note: prev lower malloc:  0x000001bc6ba00c10-0x000001bc6ba00c40
Note: 0x000001bc6ba00c80-0x000001bc6ba00c88 overlaps memory 0x000001bc6ba00c60-0x000001bc6ba00c90 that was freed here:
Note: # 0 replace_operator_delete_nothrow [d:\drmemory_package\common\alloc_replace.c:2975] (0x00007ff62a6d93c0 <drmemorylib.dll+0x393c0>) modid:5
Note: # 1 pop_back (0x00007ff69a663318 <main.exe+0x3318>) modid:6
Note: # 2 test_pop_back (0x00007ff69a661e95 <main.exe+0x1e95>) modid:6
Note: # 3 main     (0x00007ff69a6629b7 <main.exe+0x29b7>) modid:6
Note: instruction: mov    0x20(%rax) -> %rax
	error end
WARNING: heap buffer at 0x000001bc6ba01330 is of size 512 bytes, which does not match the sysarg parameter #5 size of 511 bytes.
WARNING: heap buffer at 0x000001bc6ba01b40 is of size 512 bytes, which does not match the sysarg parameter #5 size of 511 bytes.

Error #3: UNADDRESSABLE ACCESS of freed memory: reading 0x000001bc6ba02940-0x000001bc6ba02948 8 byte(s)
# 0 prev     (0x00007ff69a662bed <main.exe+0x2bed>) modid:6
# 1 pop_back (0x00007ff69a663351 <main.exe+0x3351>) modid:6
# 2 erase    (0x00007ff69a66386f <main.exe+0x386f>) modid:6
# 3 test_gen_big_deque (0x00007ff69a662905 <main.exe+0x2905>) modid:6
# 4 main     (0x00007ff69a6629d0 <main.exe+0x29d0>) modid:6
Note: @0:00:03.787 in thread 70716
Note: prev lower malloc:  0x000001bc6ba026d0-0x000001bc6ba02700
Note: 0x000001bc6ba02940-0x000001bc6ba02948 overlaps memory 0x000001bc6ba02920-0x000001bc6ba02950 that was freed here:
Note: # 0 replace_operator_delete_nothrow [d:\drmemory_package\common\alloc_replace.c:2975] (0x00007ff62a6d93c0 <drmemorylib.dll+0x393c0>) modid:5
Note: # 1 pop_back (0x00007ff69a663318 <main.exe+0x3318>) modid:6
Note: # 2 erase    (0x00007ff69a66386f <main.exe+0x386f>) modid:6
Note: # 3 test_gen_big_deque (0x00007ff69a662905 <main.exe+0x2905>) modid:6
Note: # 4 main     (0x00007ff69a6629d0 <main.exe+0x29d0>) modid:6
Note: instruction: mov    0x20(%rax) -> %rax
	error end
WARNING: heap buffer at 0x000001bc6ba03020 is of size 512 bytes, which does not match the sysarg parameter #5 size of 511 bytes.

Error #4: UNADDRESSABLE ACCESS of freed memory: reading 0x000001bc6ba03e20-0x000001bc6ba03e28 8 byte(s)
# 0 prev     (0x00007ff69a662bed <main.exe+0x2bed>) modid:6
# 1 pop_back (0x00007ff69a663351 <main.exe+0x3351>) modid:6
# 2 erase    (0x00007ff69a66386f <main.exe+0x386f>) modid:6
# 3 test_gen_big_deque (0x00007ff69a662905 <main.exe+0x2905>) modid:6
# 4 main     (0x00007ff69a6629d5 <main.exe+0x29d5>) modid:6
Note: @0:00:07.673 in thread 70716
Note: prev lower malloc:  0x000001bc6ba03bb0-0x000001bc6ba03be0
Note: 0x000001bc6ba03e20-0x000001bc6ba03e28 overlaps memory 0x000001bc6ba03e00-0x000001bc6ba03e30 that was freed here:
Note: # 0 replace_operator_delete_nothrow [d:\drmemory_package\common\alloc_replace.c:2975] (0x00007ff62a6d93c0 <drmemorylib.dll+0x393c0>) modid:5
Note: # 1 pop_back (0x00007ff69a663318 <main.exe+0x3318>) modid:6
Note: # 2 erase    (0x00007ff69a66386f <main.exe+0x386f>) modid:6
Note: # 3 test_gen_big_deque (0x00007ff69a662905 <main.exe+0x2905>) modid:6
Note: # 4 main     (0x00007ff69a6629d5 <main.exe+0x29d5>) modid:6
Note: instruction: mov    0x20(%rax) -> %rax
	error end
WARNING: heap buffer at 0x000001bc6ba04500 is of size 512 bytes, which does not match the sysarg parameter #5 size of 511 bytes.

Error #5: UNADDRESSABLE ACCESS of freed memory: reading 0x000001bc6ba05300-0x000001bc6ba05308 8 byte(s)
# 0 prev     (0x00007ff69a662bed <main.exe+0x2bed>) modid:6
# 1 pop_back (0x00007ff69a663351 <main.exe+0x3351>) modid:6
# 2 erase    (0x00007ff69a66386f <main.exe+0x386f>) modid:6
# 3 test_gen_big_deque (0x00007ff69a662905 <main.exe+0x2905>) modid:6
# 4 main     (0x00007ff69a6629da <main.exe+0x29da>) modid:6
Note: @0:00:11.670 in thread 70716
Note: prev lower malloc:  0x000001bc6ba05090-0x000001bc6ba050c0
Note: 0x000001bc6ba05300-0x000001bc6ba05308 overlaps memory 0x000001bc6ba052e0-0x000001bc6ba05310 that was freed here:
Note: # 0 replace_operator_delete_nothrow [d:\drmemory_package\common\alloc_replace.c:2975] (0x00007ff62a6d93c0 <drmemorylib.dll+0x393c0>) modid:5
Note: # 1 pop_back (0x00007ff69a663318 <main.exe+0x3318>) modid:6
Note: # 2 erase    (0x00007ff69a66386f <main.exe+0x386f>) modid:6
Note: # 3 test_gen_big_deque (0x00007ff69a662905 <main.exe+0x2905>) modid:6
Note: # 4 main     (0x00007ff69a6629da <main.exe+0x29da>) modid:6
Note: instruction: mov    0x20(%rax) -> %rax
	error end
WARNING: heap buffer at 0x000001bc6ba059e0 is of size 512 bytes, which does not match the sysarg parameter #5 size of 511 bytes.

Error #6: UNADDRESSABLE ACCESS of freed memory: reading 0x000001bc6ba067e0-0x000001bc6ba067e8 8 byte(s)
# 0 prev     (0x00007ff69a662bed <main.exe+0x2bed>) modid:6
# 1 pop_back (0x00007ff69a663351 <main.exe+0x3351>) modid:6
# 2 erase    (0x00007ff69a66386f <main.exe+0x386f>) modid:6
# 3 test_gen_big_deque (0x00007ff69a662905 <main.exe+0x2905>) modid:6
# 4 main     (0x00007ff69a6629df <main.exe+0x29df>) modid:6
Note: @0:00:15.713 in thread 70716
Note: prev lower malloc:  0x000001bc6ba06570-0x000001bc6ba065a0
Note: 0x000001bc6ba067e0-0x000001bc6ba067e8 overlaps memory 0x000001bc6ba067c0-0x000001bc6ba067f0 that was freed here:
Note: # 0 replace_operator_delete_nothrow [d:\drmemory_package\common\alloc_replace.c:2975] (0x00007ff62a6d93c0 <drmemorylib.dll+0x393c0>) modid:5
Note: # 1 pop_back (0x00007ff69a663318 <main.exe+0x3318>) modid:6
Note: # 2 erase    (0x00007ff69a66386f <main.exe+0x386f>) modid:6
Note: # 3 test_gen_big_deque (0x00007ff69a662905 <main.exe+0x2905>) modid:6
Note: # 4 main     (0x00007ff69a6629df <main.exe+0x29df>) modid:6
Note: instruction: mov    0x20(%rax) -> %rax
	error end
WARNING: heap buffer at 0x000001bc6ba06ec0 is of size 512 bytes, which does not match the sysarg parameter #5 size of 511 bytes.

Error #7: UNADDRESSABLE ACCESS of freed memory: reading 0x000001bc6ba07cc0-0x000001bc6ba07cc8 8 byte(s)
# 0 prev     (0x00007ff69a662bed <main.exe+0x2bed>) modid:6
# 1 pop_back (0x00007ff69a663351 <main.exe+0x3351>) modid:6
# 2 erase    (0x00007ff69a66386f <main.exe+0x386f>) modid:6
# 3 test_gen_big_deque (0x00007ff69a662905 <main.exe+0x2905>) modid:6
# 4 main     (0x00007ff69a6629e4 <main.exe+0x29e4>) modid:6
Note: @0:00:19.667 in thread 70716
Note: prev lower malloc:  0x000001bc6ba07a50-0x000001bc6ba07a80
Note: 0x000001bc6ba07cc0-0x000001bc6ba07cc8 overlaps memory 0x000001bc6ba07ca0-0x000001bc6ba07cd0 that was freed here:
Note: # 0 replace_operator_delete_nothrow [d:\drmemory_package\common\alloc_replace.c:2975] (0x00007ff62a6d93c0 <drmemorylib.dll+0x393c0>) modid:5
Note: # 1 pop_back (0x00007ff69a663318 <main.exe+0x3318>) modid:6
Note: # 2 erase    (0x00007ff69a66386f <main.exe+0x386f>) modid:6
Note: # 3 test_gen_big_deque (0x00007ff69a662905 <main.exe+0x2905>) modid:6
Note: # 4 main     (0x00007ff69a6629e4 <main.exe+0x29e4>) modid:6
Note: instruction: mov    0x20(%rax) -> %rax
	error end
WARNING: heap buffer at 0x000001bc6ba083a0 is of size 512 bytes, which does not match the sysarg parameter #5 size of 511 bytes.

Error #8: UNADDRESSABLE ACCESS of freed memory: reading 0x000001bc6ba091a0-0x000001bc6ba091a8 8 byte(s)
# 0 prev     (0x00007ff69a662bed <main.exe+0x2bed>) modid:6
# 1 pop_back (0x00007ff69a663351 <main.exe+0x3351>) modid:6
# 2 erase    (0x00007ff69a66386f <main.exe+0x386f>) modid:6
# 3 test_gen_big_deque (0x00007ff69a662905 <main.exe+0x2905>) modid:6
# 4 main     (0x00007ff69a6629e9 <main.exe+0x29e9>) modid:6
Note: @0:00:23.830 in thread 70716
Note: prev lower malloc:  0x000001bc6ba08f30-0x000001bc6ba08f60
Note: 0x000001bc6ba091a0-0x000001bc6ba091a8 overlaps memory 0x000001bc6ba09180-0x000001bc6ba091b0 that was freed here:
Note: # 0 replace_operator_delete_nothrow [d:\drmemory_package\common\alloc_replace.c:2975] (0x00007ff62a6d93c0 <drmemorylib.dll+0x393c0>) modid:5
Note: # 1 pop_back (0x00007ff69a663318 <main.exe+0x3318>) modid:6
Note: # 2 erase    (0x00007ff69a66386f <main.exe+0x386f>) modid:6
Note: # 3 test_gen_big_deque (0x00007ff69a662905 <main.exe+0x2905>) modid:6
Note: # 4 main     (0x00007ff69a6629e9 <main.exe+0x29e9>) modid:6
Note: instruction: mov    0x20(%rax) -> %rax
	error end

Error #9: POSSIBLE LEAK 72 direct bytes 0x000001bc6ba001c0-0x000001bc6ba00208 + 0 indirect bytes
# 0 replace_malloc  [d:\drmemory_package\common\alloc_replace.c:2577] (0x00007ff62a6d89e0 <drmemorylib.dll+0x389e0>) modid:5
# 1 msvcrt.dll!realloc    (0x00007fff89c8c93b <msvcrt.dll+0x1c93b>) modid:13
# 2 msvcrt.dll!unlock     (0x00007fff89cae6ed <msvcrt.dll+0x3e6ed>) modid:13
# 3 msvcrt.dll!_getmainargs (0x00007fff89c77ca1 <msvcrt.dll+0x7ca1>) modid:13
# 4 pre_cpp_init (0x00007ff69a661173 <main.exe+0x1173>) modid:6
# 5 msvcrt.dll!initterm   (0x00007fff89cad54d <msvcrt.dll+0x3d54d>) modid:13
# 6 __tmainCRTStartup (0x00007ff69a661437 <main.exe+0x1437>) modid:6
# 7 .l_start (0x00007ff69a6614e6 <main.exe+0x14e6>) modid:6
# 8 ntdll.dll!RtlUserThreadStart (0x00007fff8b7e485b <ntdll.dll+0x485b>) modid:17
	error end
WARNING: unable to load symbols for C:\ProgramData\Anaconda3\Library\mingw-w64\bin\libwinpthread-1.dll
WARNING: unable to load symbols for C:\ProgramData\Anaconda3\Library\mingw-w64\bin\libstdc++-6.dll

Potential Error #1: HANDLE LEAK: KERNEL handle 0x0000000000000130 and 0 similar handle(s) were opened but not closed:
# 0 system call NtDuplicateObject
# 1 KERNELBASE.dll!DuplicateHandle (0x00007fff88d409bc <KERNELBASE.dll+0x809bc>) modid:7
# 2 libwinpthread-1.dll!?                   (0x000000006494460b <libwinpthread-1.dll+0x460b>) modid:2
# 3 libwinpthread-1.dll!?                   (0x0000000064944d96 <libwinpthread-1.dll+0x4d96>) modid:2
# 4 libstdc++-6.dll!?               (0x000000006fcdd0d8 <libstdc++-6.dll+0x9d0d8>) modid:3
# 5 libstdc++-6.dll!?               (0x000000006fce0ff6 <libstdc++-6.dll+0xa0ff6>) modid:3
# 6 libstdc++-6.dll!?               (0x000000006fcf636b <libstdc++-6.dll+0xb636b>) modid:3
# 7 __static_initialization_and_destruction_0 (0x00007ff69a663b25 <main.exe+0x3b25>) modid:6
# 8 _GLOBAL__sub_I__Z12create_dequev (0x00007ff69a663b52 <main.exe+0x3b52>) modid:6
# 9 __do_global_ctors (0x00007ff69a663c52 <main.exe+0x3c52>) modid:6
#10 __tmainCRTStartup (0x00007ff69a66138b <main.exe+0x138b>) modid:6
#11 .l_start (0x00007ff69a6614e6 <main.exe+0x14e6>) modid:6
#12 ntdll.dll!RtlUserThreadStart (0x00007fff8b7e485b <ntdll.dll+0x485b>) modid:17
Note: @0:00:25.741 in thread 70716
	error end

Potential Error #2: HANDLE LEAK: KERNEL handle 0x000000000000014c and 0 similar handle(s) were opened but not closed:
# 0 system call NtCreateEvent
# 1 KERNELBASE.dll!CreateEventA   (0x00007fff88d449f3 <KERNELBASE.dll+0x849f3>) modid:7
# 2 libwinpthread-1.dll!?                   (0x00000000649445a2 <libwinpthread-1.dll+0x45a2>) modid:2
# 3 libwinpthread-1.dll!?                   (0x0000000064944d96 <libwinpthread-1.dll+0x4d96>) modid:2
# 4 libstdc++-6.dll!?               (0x000000006fcdd0d8 <libstdc++-6.dll+0x9d0d8>) modid:3
# 5 libstdc++-6.dll!?               (0x000000006fce0ff6 <libstdc++-6.dll+0xa0ff6>) modid:3
# 6 libstdc++-6.dll!?               (0x000000006fcf636b <libstdc++-6.dll+0xb636b>) modid:3
# 7 __static_initialization_and_destruction_0 (0x00007ff69a663b25 <main.exe+0x3b25>) modid:6
# 8 _GLOBAL__sub_I__Z12create_dequev (0x00007ff69a663b52 <main.exe+0x3b52>) modid:6
# 9 __do_global_ctors (0x00007ff69a663c52 <main.exe+0x3c52>) modid:6
#10 __tmainCRTStartup (0x00007ff69a66138b <main.exe+0x138b>) modid:6
#11 .l_start (0x00007ff69a6614e6 <main.exe+0x14e6>) modid:6
#12 ntdll.dll!RtlUserThreadStart (0x00007fff8b7e485b <ntdll.dll+0x485b>) modid:17
Note: @0:00:25.741 in thread 70716
	error end

DUPLICATE ERROR COUNTS:
	Error #   1:      2
	Error #   3:      5
	Error #   4:      5
	Error #   5:      5
	Error #   6:      5
	Error #   7:      5
	Error #   8:      5

SUPPRESSIONS USED:

ERRORS FOUND:
      8 unique,    33 total unaddressable access(es)
      0 unique,     0 total uninitialized access(es)
      0 unique,     0 total invalid heap argument(s)
      0 unique,     0 total GDI usage error(s)
      0 unique,     0 total handle leak(s)
      0 unique,     0 total warning(s)
      0 unique,     0 total,      0 byte(s) of leak(s)
      1 unique,     1 total,     72 byte(s) of possible leak(s)
ERRORS IGNORED:
      2 potential error(s) (suspected false positives)
         (details: C:\Users\pinkp\Documents\GitHub\COMP2012H\DrMemory-Windows-2.3.0-1\drmemory\logs\DrMemory-main.exe.106184.000\potential_errors.txt)
    295 ignored assumed-innocuous system leak(s)
      8 unique,     8 total,    927 byte(s) of still-reachable allocation(s)
         (re-run with "-show_reachable" for details)
Details: C:\Users\pinkp\Documents\GitHub\COMP2012H\DrMemory-Windows-2.3.0-1\drmemory\logs\DrMemory-main.exe.106184.000\results.txt

DUPLICATE POTENTIAL ERROR COUNTS:

POTENTIAL ERRORS FOUND:
      0 unique,     0 total potential unaddressable access(es)
      0 unique,     0 total potential uninitialized access(es)
      0 unique,     0 total potential invalid heap argument(s)
      0 unique,     0 total potential GDI usage error(s)
      2 unique,     2 total potential handle leak(s)
      0 unique,     0 total potential warning(s)
      0 unique,     0 total,      0 byte(s) of potential leak(s)
      0 unique,     0 total,      0 byte(s) of potential possible leak(s)
Details: C:\Users\pinkp\Documents\GitHub\COMP2012H\DrMemory-Windows-2.3.0-1\drmemory\logs\DrMemory-main.exe.106184.000\potential_errors.txt
Exiting @0:00:25.774 in thread 70716
LOG END
