Dr. Memory version 2.3.0 build 1 built on Feb  6 2020 06:07:09
start time: 3696968:48:18.892 == 08:48:18.892 10/01/2022
Recorded 118 suppression(s) from default C:\Users\pinkp\Documents\GitHub\COMP2012H\DrMemory-Windows-2.3.0-1\bin64\suppress-default.txt
Using system call file C:\Users\pinkp\Documents\GitHub\COMP2012H\DrMemory-Windows-2.3.0-1\drmemory\logs\symcache\syscalls_x64.txt
Syscall mismatch detected.  Running on unknown kernel version!
new thread #0 id=76736

module load event: "libgcc_s_seh-1.dll" 0x0000000061440000-0x000000006145c000 modid: 1 C:\ProgramData\Anaconda3\Library\mingw-w64\bin\libgcc_s_seh-1.dll

module load event: "libwinpthread-1.dll" 0x0000000064940000-0x0000000064955000 modid: 2 C:\ProgramData\Anaconda3\Library\mingw-w64\bin\libwinpthread-1.dll

module load event: "libstdc++-6.dll" 0x000000006fc40000-0x000000006fda2000 modid: 3 C:\ProgramData\Anaconda3\Library\mingw-w64\bin\libstdc++-6.dll

module load event: "dynamorio.dll" 0x0000000071000000-0x00000000711b1000 modid: 4 C:\Users\pinkp\Documents\GitHub\COMP2012H\DrMemory-Windows-2.3.0-1\dynamorio\lib64\release\dynamorio.dll

module load event: "drmemorylib.dll" 0x00007ff5ec0a0000-0x00007ff5ec33c000 modid: 5 C:\Users\pinkp\Documents\GitHub\COMP2012H\DrMemory-Windows-2.3.0-1\bin64\release\drmemorylib.dll

module load event: "main.exe" 0x00007ff6048e0000-0x00007ff604906000 modid: 6 C:\Users\pinkp\Documents\GitHub\COMP2012H\HW5\main.exe
WARNING: assuming operator new is non-placement in main.exe @0x00007ff6048e3bb8
WARNING: assuming operator delete is non-placement in main.exe @0x00007ff6048e3bc0

module load event: "KERNELBASE.dll" 0x00007fff88cc0000-0x00007fff8903c000 modid: 7 C:\WINDOWS\System32\KERNELBASE.dll

module load event: "gdi32full.dll" 0x00007fff89040000-0x00007fff89159000 modid: 8 C:\WINDOWS\System32\gdi32full.dll
WARNING: unable to load symbols for C:\WINDOWS\System32\gdi32full.dll

module load event: "win32u.dll" 0x00007fff891d0000-0x00007fff891f6000 modid: 9 C:\WINDOWS\System32\win32u.dll

module load event: "ucrtbase.dll" 0x00007fff89200000-0x00007fff89311000 modid: 10 C:\WINDOWS\System32\ucrtbase.dll
WARNING: unable to load symbols for C:\WINDOWS\System32\ucrtbase.dll

module load event: "msvcp_win.dll" 0x00007fff895d0000-0x00007fff8966d000 modid: 11 C:\WINDOWS\System32\msvcp_win.dll
WARNING: unable to load symbols for C:\WINDOWS\System32\msvcp_win.dll

module load event: "KERNEL32.dll" 0x00007fff89670000-0x00007fff8972d000 modid: 12 C:\WINDOWS\System32\KERNEL32.DLL

module load event: "msvcrt.dll" 0x00007fff89c70000-0x00007fff89d13000 modid: 13 C:\WINDOWS\System32\msvcrt.dll
WARNING: unable to load symbols for C:\WINDOWS\System32\msvcrt.dll
WARNING: new/delete has no local wrapper => disabling mismatch detection for msvcrt.dll
WARNING: new/delete has no local wrapper => disabling mismatch detection for msvcrt.dll
WARNING: new/delete has no local wrapper => disabling mismatch detection for msvcrt.dll
WARNING: new == new[] => disabling mismatch detection for msvcrt.dll
WARNING: new/delete has no local wrapper => disabling mismatch detection for msvcrt.dll
WARNING: new/delete has no local wrapper => disabling mismatch detection for msvcrt.dll

module load event: "USER32.dll" 0x00007fff89f60000-0x00007fff8a10d000 modid: 14 C:\WINDOWS\System32\USER32.dll
WARNING: error finding UserConnectToServer syscall #
module load event: "IMM32.dll" 0x00007fff8b280000-0x00007fff8b2b1000 modid: 15 C:\WINDOWS\System32\IMM32.DLL

module load event: "GDI32.dll" 0x00007fff8b650000-0x00007fff8b679000 modid: 16 C:\WINDOWS\System32\GDI32.dll

module load event: "ntdll.dll" 0x00007fff8b7e0000-0x00007fff8b9e9000 modid: 17 C:\WINDOWS\SYSTEM32\ntdll.dll
WARNING: fail to find call to RtlFreeStringRoutine
WARNING: fail to find call to RtlFreeStringRoutine
WARNING: fail to find call to RtlFreeStringRoutine

NEW THREAD: main thread 76736


Error #1: UNADDRESSABLE ACCESS beyond top of stack: reading 0x000000ad23bff350-0x000000ad23bff358 8 byte(s)
# 0 .text    (0x00007ff6048e4cdb <main.exe+0x4cdb>) modid:6
# 1 _pei386_runtime_relocator (0x00007ff6048e4126 <main.exe+0x4126>) modid:6
# 2 __tmainCRTStartup (0x00007ff6048e1251 <main.exe+0x1251>) modid:6
# 3 .l_start (0x00007ff6048e14e6 <main.exe+0x14e6>) modid:6
# 4 ntdll.dll!RtlUserThreadStart (0x00007fff8b7e485b <ntdll.dll+0x485b>) modid:17
Note: @0:00:00.598 in thread 76736
Note: 0x000000ad23bff350 refers to 776 byte(s) beyond the top of the stack 0x000000ad23bff658
Note: instruction: or     $0x0000000000000000 (%rcx) -> (%rcx)
	error end
WARNING: unhandled system calls found

Error #2: UNADDRESSABLE ACCESS of freed memory: reading 0x00000235f88c0c80-0x00000235f88c0c88 8 byte(s)
# 0 prev     (0x00007ff6048e2bdd <main.exe+0x2bdd>) modid:6
# 1 pop_back (0x00007ff6048e3341 <main.exe+0x3341>) modid:6
# 2 test_pop_back (0x00007ff6048e1e95 <main.exe+0x1e95>) modid:6
# 3 main     (0x00007ff6048e29ab <main.exe+0x29ab>) modid:6
Note: @0:00:00.899 in thread 76736
Note: next higher malloc: 0x00000235f88c0cb0-0x00000235f88c0ce0
Note: prev lower malloc:  0x00000235f88c0c10-0x00000235f88c0c40
Note: 0x00000235f88c0c80-0x00000235f88c0c88 overlaps memory 0x00000235f88c0c60-0x00000235f88c0c90 that was freed here:
Note: # 0 replace_operator_delete_nothrow [d:\drmemory_package\common\alloc_replace.c:2975] (0x00007ff5ec0d93c0 <drmemorylib.dll+0x393c0>) modid:5
Note: # 1 pop_back (0x00007ff6048e3308 <main.exe+0x3308>) modid:6
Note: # 2 test_pop_back (0x00007ff6048e1e95 <main.exe+0x1e95>) modid:6
Note: # 3 main     (0x00007ff6048e29ab <main.exe+0x29ab>) modid:6
Note: instruction: mov    0x20(%rax) -> %rax
	error end
WARNING: heap buffer at 0x00000235f88c1330 is of size 512 bytes, which does not match the sysarg parameter #5 size of 511 bytes.
WARNING: heap buffer at 0x00000235f88c1b40 is of size 512 bytes, which does not match the sysarg parameter #5 size of 511 bytes.

Error #3: UNADDRESSABLE ACCESS of freed memory: reading 0x00000235f88c2940-0x00000235f88c2948 8 byte(s)
# 0 prev     (0x00007ff6048e2bdd <main.exe+0x2bdd>) modid:6
# 1 pop_back (0x00007ff6048e3341 <main.exe+0x3341>) modid:6
# 2 erase    (0x00007ff6048e38bc <main.exe+0x38bc>) modid:6
# 3 test_gen_big_deque (0x00007ff6048e2905 <main.exe+0x2905>) modid:6
# 4 main     (0x00007ff6048e29c4 <main.exe+0x29c4>) modid:6
Note: @0:00:03.523 in thread 76736
Note: prev lower malloc:  0x00000235f88c26d0-0x00000235f88c2700
Note: 0x00000235f88c2940-0x00000235f88c2948 overlaps memory 0x00000235f88c2920-0x00000235f88c2950 that was freed here:
Note: # 0 replace_operator_delete_nothrow [d:\drmemory_package\common\alloc_replace.c:2975] (0x00007ff5ec0d93c0 <drmemorylib.dll+0x393c0>) modid:5
Note: # 1 pop_back (0x00007ff6048e3308 <main.exe+0x3308>) modid:6
Note: # 2 erase    (0x00007ff6048e38bc <main.exe+0x38bc>) modid:6
Note: # 3 test_gen_big_deque (0x00007ff6048e2905 <main.exe+0x2905>) modid:6
Note: # 4 main     (0x00007ff6048e29c4 <main.exe+0x29c4>) modid:6
Note: instruction: mov    0x20(%rax) -> %rax
	error end
WARNING: heap buffer at 0x00000235f88c3020 is of size 512 bytes, which does not match the sysarg parameter #5 size of 511 bytes.

Error #4: UNADDRESSABLE ACCESS of freed memory: reading 0x00000235f88c3e20-0x00000235f88c3e28 8 byte(s)
# 0 prev     (0x00007ff6048e2bdd <main.exe+0x2bdd>) modid:6
# 1 pop_back (0x00007ff6048e3341 <main.exe+0x3341>) modid:6
# 2 erase    (0x00007ff6048e38bc <main.exe+0x38bc>) modid:6
# 3 test_gen_big_deque (0x00007ff6048e2905 <main.exe+0x2905>) modid:6
# 4 main     (0x00007ff6048e29c9 <main.exe+0x29c9>) modid:6
Note: @0:00:07.334 in thread 76736
Note: prev lower malloc:  0x00000235f88c3bb0-0x00000235f88c3be0
Note: 0x00000235f88c3e20-0x00000235f88c3e28 overlaps memory 0x00000235f88c3e00-0x00000235f88c3e30 that was freed here:
Note: # 0 replace_operator_delete_nothrow [d:\drmemory_package\common\alloc_replace.c:2975] (0x00007ff5ec0d93c0 <drmemorylib.dll+0x393c0>) modid:5
Note: # 1 pop_back (0x00007ff6048e3308 <main.exe+0x3308>) modid:6
Note: # 2 erase    (0x00007ff6048e38bc <main.exe+0x38bc>) modid:6
Note: # 3 test_gen_big_deque (0x00007ff6048e2905 <main.exe+0x2905>) modid:6
Note: # 4 main     (0x00007ff6048e29c9 <main.exe+0x29c9>) modid:6
Note: instruction: mov    0x20(%rax) -> %rax
	error end
WARNING: heap buffer at 0x00000235f88c4500 is of size 512 bytes, which does not match the sysarg parameter #5 size of 511 bytes.

Error #5: UNADDRESSABLE ACCESS of freed memory: reading 0x00000235f88c5300-0x00000235f88c5308 8 byte(s)
# 0 prev     (0x00007ff6048e2bdd <main.exe+0x2bdd>) modid:6
# 1 pop_back (0x00007ff6048e3341 <main.exe+0x3341>) modid:6
# 2 erase    (0x00007ff6048e38bc <main.exe+0x38bc>) modid:6
# 3 test_gen_big_deque (0x00007ff6048e2905 <main.exe+0x2905>) modid:6
# 4 main     (0x00007ff6048e29ce <main.exe+0x29ce>) modid:6
Note: @0:00:11.050 in thread 76736
Note: prev lower malloc:  0x00000235f88c5090-0x00000235f88c50c0
Note: 0x00000235f88c5300-0x00000235f88c5308 overlaps memory 0x00000235f88c52e0-0x00000235f88c5310 that was freed here:
Note: # 0 replace_operator_delete_nothrow [d:\drmemory_package\common\alloc_replace.c:2975] (0x00007ff5ec0d93c0 <drmemorylib.dll+0x393c0>) modid:5
Note: # 1 pop_back (0x00007ff6048e3308 <main.exe+0x3308>) modid:6
Note: # 2 erase    (0x00007ff6048e38bc <main.exe+0x38bc>) modid:6
Note: # 3 test_gen_big_deque (0x00007ff6048e2905 <main.exe+0x2905>) modid:6
Note: # 4 main     (0x00007ff6048e29ce <main.exe+0x29ce>) modid:6
Note: instruction: mov    0x20(%rax) -> %rax
	error end
WARNING: heap buffer at 0x00000235f88c59e0 is of size 512 bytes, which does not match the sysarg parameter #5 size of 511 bytes.

Error #6: UNADDRESSABLE ACCESS of freed memory: reading 0x00000235f88c67e0-0x00000235f88c67e8 8 byte(s)
# 0 prev     (0x00007ff6048e2bdd <main.exe+0x2bdd>) modid:6
# 1 pop_back (0x00007ff6048e3341 <main.exe+0x3341>) modid:6
# 2 erase    (0x00007ff6048e38bc <main.exe+0x38bc>) modid:6
# 3 test_gen_big_deque (0x00007ff6048e2905 <main.exe+0x2905>) modid:6
# 4 main     (0x00007ff6048e29d3 <main.exe+0x29d3>) modid:6
Note: @0:00:14.850 in thread 76736
Note: prev lower malloc:  0x00000235f88c6570-0x00000235f88c65a0
Note: 0x00000235f88c67e0-0x00000235f88c67e8 overlaps memory 0x00000235f88c67c0-0x00000235f88c67f0 that was freed here:
Note: # 0 replace_operator_delete_nothrow [d:\drmemory_package\common\alloc_replace.c:2975] (0x00007ff5ec0d93c0 <drmemorylib.dll+0x393c0>) modid:5
Note: # 1 pop_back (0x00007ff6048e3308 <main.exe+0x3308>) modid:6
Note: # 2 erase    (0x00007ff6048e38bc <main.exe+0x38bc>) modid:6
Note: # 3 test_gen_big_deque (0x00007ff6048e2905 <main.exe+0x2905>) modid:6
Note: # 4 main     (0x00007ff6048e29d3 <main.exe+0x29d3>) modid:6
Note: instruction: mov    0x20(%rax) -> %rax
	error end
WARNING: heap buffer at 0x00000235f88c6ec0 is of size 512 bytes, which does not match the sysarg parameter #5 size of 511 bytes.

Error #7: UNADDRESSABLE ACCESS of freed memory: reading 0x00000235f88c7cc0-0x00000235f88c7cc8 8 byte(s)
# 0 prev     (0x00007ff6048e2bdd <main.exe+0x2bdd>) modid:6
# 1 pop_back (0x00007ff6048e3341 <main.exe+0x3341>) modid:6
# 2 erase    (0x00007ff6048e38bc <main.exe+0x38bc>) modid:6
# 3 test_gen_big_deque (0x00007ff6048e2905 <main.exe+0x2905>) modid:6
# 4 main     (0x00007ff6048e29d8 <main.exe+0x29d8>) modid:6
Note: @0:00:18.687 in thread 76736
Note: prev lower malloc:  0x00000235f88c7a50-0x00000235f88c7a80
Note: 0x00000235f88c7cc0-0x00000235f88c7cc8 overlaps memory 0x00000235f88c7ca0-0x00000235f88c7cd0 that was freed here:
Note: # 0 replace_operator_delete_nothrow [d:\drmemory_package\common\alloc_replace.c:2975] (0x00007ff5ec0d93c0 <drmemorylib.dll+0x393c0>) modid:5
Note: # 1 pop_back (0x00007ff6048e3308 <main.exe+0x3308>) modid:6
Note: # 2 erase    (0x00007ff6048e38bc <main.exe+0x38bc>) modid:6
Note: # 3 test_gen_big_deque (0x00007ff6048e2905 <main.exe+0x2905>) modid:6
Note: # 4 main     (0x00007ff6048e29d8 <main.exe+0x29d8>) modid:6
Note: instruction: mov    0x20(%rax) -> %rax
	error end
WARNING: heap buffer at 0x00000235f88c83a0 is of size 512 bytes, which does not match the sysarg parameter #5 size of 511 bytes.

Error #8: UNADDRESSABLE ACCESS of freed memory: reading 0x00000235f88c91a0-0x00000235f88c91a8 8 byte(s)
# 0 prev     (0x00007ff6048e2bdd <main.exe+0x2bdd>) modid:6
# 1 pop_back (0x00007ff6048e3341 <main.exe+0x3341>) modid:6
# 2 erase    (0x00007ff6048e38bc <main.exe+0x38bc>) modid:6
# 3 test_gen_big_deque (0x00007ff6048e2905 <main.exe+0x2905>) modid:6
# 4 main     (0x00007ff6048e29dd <main.exe+0x29dd>) modid:6
Note: @0:00:22.573 in thread 76736
Note: prev lower malloc:  0x00000235f88c8f30-0x00000235f88c8f60
Note: 0x00000235f88c91a0-0x00000235f88c91a8 overlaps memory 0x00000235f88c9180-0x00000235f88c91b0 that was freed here:
Note: # 0 replace_operator_delete_nothrow [d:\drmemory_package\common\alloc_replace.c:2975] (0x00007ff5ec0d93c0 <drmemorylib.dll+0x393c0>) modid:5
Note: # 1 pop_back (0x00007ff6048e3308 <main.exe+0x3308>) modid:6
Note: # 2 erase    (0x00007ff6048e38bc <main.exe+0x38bc>) modid:6
Note: # 3 test_gen_big_deque (0x00007ff6048e2905 <main.exe+0x2905>) modid:6
Note: # 4 main     (0x00007ff6048e29dd <main.exe+0x29dd>) modid:6
Note: instruction: mov    0x20(%rax) -> %rax
	error end

Error #9: POSSIBLE LEAK 72 direct bytes 0x00000235f88c01c0-0x00000235f88c0208 + 0 indirect bytes
# 0 replace_malloc  [d:\drmemory_package\common\alloc_replace.c:2577] (0x00007ff5ec0d89e0 <drmemorylib.dll+0x389e0>) modid:5
# 1 msvcrt.dll!realloc    (0x00007fff89c8c93b <msvcrt.dll+0x1c93b>) modid:13
# 2 msvcrt.dll!unlock     (0x00007fff89cae6ed <msvcrt.dll+0x3e6ed>) modid:13
# 3 msvcrt.dll!_getmainargs (0x00007fff89c77ca1 <msvcrt.dll+0x7ca1>) modid:13
# 4 pre_cpp_init (0x00007ff6048e1173 <main.exe+0x1173>) modid:6
# 5 msvcrt.dll!initterm   (0x00007fff89cad54d <msvcrt.dll+0x3d54d>) modid:13
# 6 __tmainCRTStartup (0x00007ff6048e1437 <main.exe+0x1437>) modid:6
# 7 .l_start (0x00007ff6048e14e6 <main.exe+0x14e6>) modid:6
# 8 ntdll.dll!RtlUserThreadStart (0x00007fff8b7e485b <ntdll.dll+0x485b>) modid:17
	error end

Error #10: LEAK 48 direct bytes 0x00000235f88c1650-0x00000235f88c1680 + 288 indirect bytes
# 0 replace_operator_new [d:\drmemory_package\common\alloc_replace.c:2900] (0x00007ff5ec0d9500 <drmemorylib.dll+0x39500>) modid:5
# 1 create_deque (0x00007ff6048e2ce6 <main.exe+0x2ce6>) modid:6
# 2 test_gen_big_deque (0x00007ff6048e2544 <main.exe+0x2544>) modid:6
# 3 main     (0x00007ff6048e29c4 <main.exe+0x29c4>) modid:6
	error end

Error #11: LEAK 48 direct bytes 0x00000235f88c2b30-0x00000235f88c2b60 + 288 indirect bytes
# 0 replace_operator_new [d:\drmemory_package\common\alloc_replace.c:2900] (0x00007ff5ec0d9500 <drmemorylib.dll+0x39500>) modid:5
# 1 create_deque (0x00007ff6048e2ce6 <main.exe+0x2ce6>) modid:6
# 2 test_gen_big_deque (0x00007ff6048e2544 <main.exe+0x2544>) modid:6
# 3 main     (0x00007ff6048e29c9 <main.exe+0x29c9>) modid:6
	error end

Error #12: LEAK 48 direct bytes 0x00000235f88c4010-0x00000235f88c4040 + 288 indirect bytes
# 0 replace_operator_new [d:\drmemory_package\common\alloc_replace.c:2900] (0x00007ff5ec0d9500 <drmemorylib.dll+0x39500>) modid:5
# 1 create_deque (0x00007ff6048e2ce6 <main.exe+0x2ce6>) modid:6
# 2 test_gen_big_deque (0x00007ff6048e2544 <main.exe+0x2544>) modid:6
# 3 main     (0x00007ff6048e29ce <main.exe+0x29ce>) modid:6
	error end

Error #13: LEAK 48 direct bytes 0x00000235f88c54f0-0x00000235f88c5520 + 288 indirect bytes
# 0 replace_operator_new [d:\drmemory_package\common\alloc_replace.c:2900] (0x00007ff5ec0d9500 <drmemorylib.dll+0x39500>) modid:5
# 1 create_deque (0x00007ff6048e2ce6 <main.exe+0x2ce6>) modid:6
# 2 test_gen_big_deque (0x00007ff6048e2544 <main.exe+0x2544>) modid:6
# 3 main     (0x00007ff6048e29d3 <main.exe+0x29d3>) modid:6
	error end

Error #14: LEAK 48 direct bytes 0x00000235f88c69d0-0x00000235f88c6a00 + 288 indirect bytes
# 0 replace_operator_new [d:\drmemory_package\common\alloc_replace.c:2900] (0x00007ff5ec0d9500 <drmemorylib.dll+0x39500>) modid:5
# 1 create_deque (0x00007ff6048e2ce6 <main.exe+0x2ce6>) modid:6
# 2 test_gen_big_deque (0x00007ff6048e2544 <main.exe+0x2544>) modid:6
# 3 main     (0x00007ff6048e29d8 <main.exe+0x29d8>) modid:6
	error end

Error #15: LEAK 48 direct bytes 0x00000235f88c7eb0-0x00000235f88c7ee0 + 288 indirect bytes
# 0 replace_operator_new [d:\drmemory_package\common\alloc_replace.c:2900] (0x00007ff5ec0d9500 <drmemorylib.dll+0x39500>) modid:5
# 1 create_deque (0x00007ff6048e2ce6 <main.exe+0x2ce6>) modid:6
# 2 test_gen_big_deque (0x00007ff6048e2544 <main.exe+0x2544>) modid:6
# 3 main     (0x00007ff6048e29dd <main.exe+0x29dd>) modid:6
	error end
WARNING: unable to load symbols for C:\ProgramData\Anaconda3\Library\mingw-w64\bin\libwinpthread-1.dll
WARNING: unable to load symbols for C:\ProgramData\Anaconda3\Library\mingw-w64\bin\libstdc++-6.dll

Potential Error #1: HANDLE LEAK: KERNEL handle 0x0000000000000124 and 0 similar handle(s) were opened but not closed:
# 0 system call NtDuplicateObject
# 1 KERNELBASE.dll!DuplicateHandle (0x00007fff88d409bc <KERNELBASE.dll+0x809bc>) modid:7
# 2 libwinpthread-1.dll!?                   (0x000000006494460b <libwinpthread-1.dll+0x460b>) modid:2
# 3 libwinpthread-1.dll!?                   (0x0000000064944d96 <libwinpthread-1.dll+0x4d96>) modid:2
# 4 libstdc++-6.dll!?               (0x000000006fcdd0d8 <libstdc++-6.dll+0x9d0d8>) modid:3
# 5 libstdc++-6.dll!?               (0x000000006fce0ff6 <libstdc++-6.dll+0xa0ff6>) modid:3
# 6 libstdc++-6.dll!?               (0x000000006fcf636b <libstdc++-6.dll+0xb636b>) modid:3
# 7 __static_initialization_and_destruction_0 (0x00007ff6048e3b72 <main.exe+0x3b72>) modid:6
# 8 _GLOBAL__sub_I__Z12create_dequev (0x00007ff6048e3b9f <main.exe+0x3b9f>) modid:6
# 9 __do_global_ctors (0x00007ff6048e3ca2 <main.exe+0x3ca2>) modid:6
#10 __tmainCRTStartup (0x00007ff6048e138b <main.exe+0x138b>) modid:6
#11 .l_start (0x00007ff6048e14e6 <main.exe+0x14e6>) modid:6
#12 ntdll.dll!RtlUserThreadStart (0x00007fff8b7e485b <ntdll.dll+0x485b>) modid:17
Note: @0:00:24.685 in thread 76736
	error end

Potential Error #2: HANDLE LEAK: KERNEL handle 0x0000000000000154 and 0 similar handle(s) were opened but not closed:
# 0 system call NtCreateEvent
# 1 KERNELBASE.dll!CreateEventA   (0x00007fff88d449f3 <KERNELBASE.dll+0x849f3>) modid:7
# 2 libwinpthread-1.dll!?                   (0x00000000649445a2 <libwinpthread-1.dll+0x45a2>) modid:2
# 3 libwinpthread-1.dll!?                   (0x0000000064944d96 <libwinpthread-1.dll+0x4d96>) modid:2
# 4 libstdc++-6.dll!?               (0x000000006fcdd0d8 <libstdc++-6.dll+0x9d0d8>) modid:3
# 5 libstdc++-6.dll!?               (0x000000006fce0ff6 <libstdc++-6.dll+0xa0ff6>) modid:3
# 6 libstdc++-6.dll!?               (0x000000006fcf636b <libstdc++-6.dll+0xb636b>) modid:3
# 7 __static_initialization_and_destruction_0 (0x00007ff6048e3b72 <main.exe+0x3b72>) modid:6
# 8 _GLOBAL__sub_I__Z12create_dequev (0x00007ff6048e3b9f <main.exe+0x3b9f>) modid:6
# 9 __do_global_ctors (0x00007ff6048e3ca2 <main.exe+0x3ca2>) modid:6
#10 __tmainCRTStartup (0x00007ff6048e138b <main.exe+0x138b>) modid:6
#11 .l_start (0x00007ff6048e14e6 <main.exe+0x14e6>) modid:6
#12 ntdll.dll!RtlUserThreadStart (0x00007fff8b7e485b <ntdll.dll+0x485b>) modid:17
Note: @0:00:24.685 in thread 76736
	error end

DUPLICATE ERROR COUNTS:
	Error #   1:      2
	Error #   3:      5
	Error #   4:      5
	Error #   5:      5
	Error #   6:      5
	Error #   7:      5
	Error #   8:      5

SUPPRESSIONS USED:

ERRORS FOUND:
      8 unique,    33 total unaddressable access(es)
      0 unique,     0 total uninitialized access(es)
      0 unique,     0 total invalid heap argument(s)
      0 unique,     0 total GDI usage error(s)
      0 unique,     0 total handle leak(s)
      0 unique,     0 total warning(s)
      6 unique,     6 total,   2016 byte(s) of leak(s)
      1 unique,     1 total,     72 byte(s) of possible leak(s)
ERRORS IGNORED:
      2 potential error(s) (suspected false positives)
         (details: C:\Users\pinkp\Documents\GitHub\COMP2012H\DrMemory-Windows-2.3.0-1\drmemory\logs\DrMemory-main.exe.101000.000\potential_errors.txt)
    293 ignored assumed-innocuous system leak(s)
      8 unique,     8 total,    927 byte(s) of still-reachable allocation(s)
         (re-run with "-show_reachable" for details)
Details: C:\Users\pinkp\Documents\GitHub\COMP2012H\DrMemory-Windows-2.3.0-1\drmemory\logs\DrMemory-main.exe.101000.000\results.txt

DUPLICATE POTENTIAL ERROR COUNTS:

POTENTIAL ERRORS FOUND:
      0 unique,     0 total potential unaddressable access(es)
      0 unique,     0 total potential uninitialized access(es)
      0 unique,     0 total potential invalid heap argument(s)
      0 unique,     0 total potential GDI usage error(s)
      2 unique,     2 total potential handle leak(s)
      0 unique,     0 total potential warning(s)
      0 unique,     0 total,      0 byte(s) of potential leak(s)
      0 unique,     0 total,      0 byte(s) of potential possible leak(s)
Details: C:\Users\pinkp\Documents\GitHub\COMP2012H\DrMemory-Windows-2.3.0-1\drmemory\logs\DrMemory-main.exe.101000.000\potential_errors.txt
Exiting @0:00:24.712 in thread 76736
LOG END
